
*** Running vivado
    with args -log counter.vdi -applog -m64 -product Vivado -messageDb vivado.pb -mode batch -source counter.tcl -notrace


****** Vivado v2018.1 (64-bit)
  **** SW Build 2188600 on Wed Apr  4 18:40:38 MDT 2018
  **** IP Build 2185939 on Wed Apr  4 20:55:05 MDT 2018
    ** Copyright 1986-2018 Xilinx, Inc. All Rights Reserved.

Sourcing tcl script 'C:/Users/b183r035m/AppData/Roaming/Xilinx/Vivado/Vivado_init.tcl'
source counter.tcl -notrace
Command: link_design -top counter -part xc7a200tsbg484-1
Design is defaulting to srcset: sources_1
Design is defaulting to constrset: constrs_1
INFO: [Netlist 29-17] Analyzing 9 Unisim elements for replacement
INFO: [Netlist 29-28] Unisim Transformation completed in 0 CPU seconds
INFO: [Project 1-479] Netlist was created with Vivado 2018.1
INFO: [Device 21-403] Loading part xc7a200tsbg484-1
INFO: [Project 1-570] Preparing netlist for logic optimization
Parsing XDC File [C:/Users/b183r035m/Documents/workspace/VIVADO/counter/counter.srcs/constrs_1/imports/digilent-xdc-master/Nexys-Video-Master.xdc]
Finished Parsing XDC File [C:/Users/b183r035m/Documents/workspace/VIVADO/counter/counter.srcs/constrs_1/imports/digilent-xdc-master/Nexys-Video-Master.xdc]
INFO: [Opt 31-138] Pushed 0 inverter(s) to 0 load pin(s).
INFO: [Project 1-111] Unisim Transformation Summary:
No Unisim elements were transformed.

7 Infos, 0 Warnings, 0 Critical Warnings and 0 Errors encountered.
link_design completed successfully
link_design: Time (s): cpu = 00:00:06 ; elapsed = 00:00:08 . Memory (MB): peak = 713.848 ; gain = 366.281
Command: opt_design
Attempting to get a license for feature 'Implementation' and/or device 'xc7a200t'
INFO: [Common 17-349] Got license for feature 'Implementation' and/or device 'xc7a200t'
Running DRC as a precondition to command opt_design

Starting DRC Task
INFO: [DRC 23-27] Running DRC with 2 threads
INFO: [Project 1-461] DRC finished with 0 Errors
INFO: [Project 1-462] Please refer to the DRC report (report_drc) for more information.

Time (s): cpu = 00:00:01 ; elapsed = 00:00:00.478 . Memory (MB): peak = 725.645 ; gain = 11.797
INFO: [Timing 38-35] Done setting XDC timing constraints.

Starting Logic Optimization Task

Phase 1 Retarget
INFO: [Opt 31-138] Pushed 0 inverter(s) to 0 load pin(s).
INFO: [Opt 31-49] Retargeted 0 cell(s).
Phase 1 Retarget | Checksum: 183691b08

Time (s): cpu = 00:00:00 ; elapsed = 00:00:00.009 . Memory (MB): peak = 1296.809 ; gain = 0.000
INFO: [Opt 31-389] Phase Retarget created 0 cells and removed 0 cells

Phase 2 Constant propagation
INFO: [Opt 31-138] Pushed 0 inverter(s) to 0 load pin(s).
Phase 2 Constant propagation | Checksum: 183691b08

Time (s): cpu = 00:00:00 ; elapsed = 00:00:00.011 . Memory (MB): peak = 1296.809 ; gain = 0.000
INFO: [Opt 31-389] Phase Constant propagation created 0 cells and removed 0 cells

Phase 3 Sweep
Phase 3 Sweep | Checksum: 17ca5dd1a

Time (s): cpu = 00:00:00 ; elapsed = 00:00:00.014 . Memory (MB): peak = 1296.809 ; gain = 0.000
INFO: [Opt 31-389] Phase Sweep created 0 cells and removed 0 cells

Phase 4 BUFG optimization
Phase 4 BUFG optimization | Checksum: 17ca5dd1a

Time (s): cpu = 00:00:00 ; elapsed = 00:00:00.016 . Memory (MB): peak = 1296.809 ; gain = 0.000
INFO: [Opt 31-389] Phase BUFG optimization created 0 cells and removed 0 cells

Phase 5 Shift Register Optimization
Phase 5 Shift Register Optimization | Checksum: 17ca5dd1a

Time (s): cpu = 00:00:00 ; elapsed = 00:00:00.018 . Memory (MB): peak = 1296.809 ; gain = 0.000
INFO: [Opt 31-389] Phase Shift Register Optimization created 0 cells and removed 0 cells

Phase 6 Post Processing Netlist
Phase 6 Post Processing Netlist | Checksum: 17ca5dd1a

Time (s): cpu = 00:00:00 ; elapsed = 00:00:00.018 . Memory (MB): peak = 1296.809 ; gain = 0.000
INFO: [Opt 31-389] Phase Post Processing Netlist created 0 cells and removed 0 cells

Starting Connectivity Check Task

Time (s): cpu = 00:00:00 ; elapsed = 00:00:00 . Memory (MB): peak = 1296.809 ; gain = 0.000
Ending Logic Optimization Task | Checksum: 17ca5dd1a

Time (s): cpu = 00:00:00 ; elapsed = 00:00:00.020 . Memory (MB): peak = 1296.809 ; gain = 0.000

Starting Power Optimization Task
INFO: [Pwropt 34-132] Skipping clock gating for clocks with a period < 2.00 ns.
Ending Power Optimization Task | Checksum: 161ab533b

Time (s): cpu = 00:00:00 ; elapsed = 00:00:00.006 . Memory (MB): peak = 1296.809 ; gain = 0.000
INFO: [Common 17-83] Releasing license: Implementation
23 Infos, 0 Warnings, 0 Critical Warnings and 0 Errors encountered.
opt_design completed successfully
opt_design: Time (s): cpu = 00:00:11 ; elapsed = 00:00:12 . Memory (MB): peak = 1296.809 ; gain = 582.961
INFO: [Timing 38-480] Writing timing data to binary archive.
Writing placer database...
Writing XDEF routing.
Writing XDEF routing logical nets.
Writing XDEF routing special nets.
Write XDEF Complete: Time (s): cpu = 00:00:00 ; elapsed = 00:00:00.029 . Memory (MB): peak = 1296.809 ; gain = 0.000
INFO: [Common 17-1381] The checkpoint 'C:/Users/b183r035m/Documents/workspace/VIVADO/counter/counter.runs/impl_1/counter_opt.dcp' has been generated.
INFO: [runtcl-4] Executing : report_drc -file counter_drc_opted.rpt -pb counter_drc_opted.pb -rpx counter_drc_opted.rpx
Command: report_drc -file counter_drc_opted.rpt -pb counter_drc_opted.pb -rpx counter_drc_opted.rpx
INFO: [IP_Flow 19-234] Refreshing IP repositories
INFO: [IP_Flow 19-1704] No user IP repositories specified
INFO: [IP_Flow 19-2313] Loaded Vivado IP repository 'C:/Xilinx/Vivado/2018.1/data/ip'.
INFO: [DRC 23-27] Running DRC with 2 threads
INFO: [Coretcl 2-168] The results of DRC are in file C:/Users/b183r035m/Documents/workspace/VIVADO/counter/counter.runs/impl_1/counter_drc_opted.rpt.
report_drc completed successfully
Command: place_design
Attempting to get a license for feature 'Implementation' and/or device 'xc7a200t'
INFO: [Common 17-349] Got license for feature 'Implementation' and/or device 'xc7a200t'
INFO: [DRC 23-27] Running DRC with 2 threads
INFO: [Vivado_Tcl 4-198] DRC finished with 0 Errors
INFO: [Vivado_Tcl 4-199] Please refer to the DRC report (report_drc) for more information.
Running DRC as a precondition to command place_design
INFO: [DRC 23-27] Running DRC with 2 threads
INFO: [Vivado_Tcl 4-198] DRC finished with 0 Errors
INFO: [Vivado_Tcl 4-199] Please refer to the DRC report (report_drc) for more information.

Starting Placer Task
INFO: [Place 30-611] Multithreading enabled for place_design using a maximum of 2 CPUs

Phase 1 Placer Initialization

Phase 1.1 Placer Initialization Netlist Sorting
Netlist sorting complete. Time (s): cpu = 00:00:00 ; elapsed = 00:00:00 . Memory (MB): peak = 1296.809 ; gain = 0.000
Phase 1.1 Placer Initialization Netlist Sorting | Checksum: bebb951c

Time (s): cpu = 00:00:00 ; elapsed = 00:00:00.003 . Memory (MB): peak = 1296.809 ; gain = 0.000
INFO: [Timing 38-35] Done setting XDC timing constraints.
INFO: [Opt 31-138] Pushed 0 inverter(s) to 0 load pin(s).
Netlist sorting complete. Time (s): cpu = 00:00:00 ; elapsed = 00:00:00 . Memory (MB): peak = 1321.852 ; gain = 0.000

Phase 1.2 IO Placement/ Clock Placement/ Build Placer Device
INFO: [Timing 38-35] Done setting XDC timing constraints.
Phase 1.2 IO Placement/ Clock Placement/ Build Placer Device | Checksum: 1c0719a74

Time (s): cpu = 00:00:02 ; elapsed = 00:00:01 . Memory (MB): peak = 1325.375 ; gain = 28.566

Phase 1.3 Build Placer Netlist Model
Phase 1.3 Build Placer Netlist Model | Checksum: 28d3d26b0

Time (s): cpu = 00:00:02 ; elapsed = 00:00:01 . Memory (MB): peak = 1326.012 ; gain = 29.203

Phase 1.4 Constrain Clocks/Macros
Phase 1.4 Constrain Clocks/Macros | Checksum: 28d3d26b0

Time (s): cpu = 00:00:02 ; elapsed = 00:00:01 . Memory (MB): peak = 1326.012 ; gain = 29.203
Phase 1 Placer Initialization | Checksum: 28d3d26b0

Time (s): cpu = 00:00:02 ; elapsed = 00:00:01 . Memory (MB): peak = 1326.012 ; gain = 29.203

Phase 2 Global Placement
Phase 2 Global Placement | Checksum: 225b925cc

Time (s): cpu = 00:00:03 ; elapsed = 00:00:02 . Memory (MB): peak = 1326.012 ; gain = 29.203

Phase 3 Detail Placement

Phase 3.1 Commit Multi Column Macros
Phase 3.1 Commit Multi Column Macros | Checksum: 225b925cc

Time (s): cpu = 00:00:03 ; elapsed = 00:00:02 . Memory (MB): peak = 1326.012 ; gain = 29.203

Phase 3.2 Commit Most Macros & LUTRAMs
Phase 3.2 Commit Most Macros & LUTRAMs | Checksum: 14d07bfb0

Time (s): cpu = 00:00:03 ; elapsed = 00:00:02 . Memory (MB): peak = 1326.012 ; gain = 29.203

Phase 3.3 Area Swap Optimization
Phase 3.3 Area Swap Optimization | Checksum: 141bb560b

Time (s): cpu = 00:00:03 ; elapsed = 00:00:02 . Memory (MB): peak = 1326.012 ; gain = 29.203

Phase 3.4 Pipeline Register Optimization
Phase 3.4 Pipeline Register Optimization | Checksum: 141bb560b

Time (s): cpu = 00:00:03 ; elapsed = 00:00:02 . Memory (MB): peak = 1326.012 ; gain = 29.203

Phase 3.5 Small Shape Detail Placement
Phase 3.5 Small Shape Detail Placement | Checksum: 1852e560b

Time (s): cpu = 00:00:04 ; elapsed = 00:00:02 . Memory (MB): peak = 1326.012 ; gain = 29.203

Phase 3.6 Re-assign LUT pins
Phase 3.6 Re-assign LUT pins | Checksum: 2658b045d

Time (s): cpu = 00:00:04 ; elapsed = 00:00:02 . Memory (MB): peak = 1326.012 ; gain = 29.203

Phase 3.7 Pipeline Register Optimization
Phase 3.7 Pipeline Register Optimization | Checksum: 2658b045d

Time (s): cpu = 00:00:04 ; elapsed = 00:00:02 . Memory (MB): peak = 1326.012 ; gain = 29.203
Phase 3 Detail Placement | Checksum: 2658b045d

Time (s): cpu = 00:00:04 ; elapsed = 00:00:02 . Memory (MB): peak = 1326.012 ; gain = 29.203

Phase 4 Post Placement Optimization and Clean-Up

Phase 4.1 Post Commit Optimization
INFO: [Timing 38-35] Done setting XDC timing constraints.

Phase 4.1.1 Post Placement Optimization
Post Placement Optimization Initialization | Checksum: 1e9597d4d

Phase 4.1.1.1 BUFG Insertion
INFO: [Physopt 32-721] Multithreading enabled for phys_opt_design using a maximum of 2 CPUs
INFO: [Place 46-31] BUFG insertion identified 0 candidate nets, 0 success, 0 skipped for placement/routing, 0 skipped for timing, 0 skipped for netlist change reason.
Phase 4.1.1.1 BUFG Insertion | Checksum: 1e9597d4d

Time (s): cpu = 00:00:04 ; elapsed = 00:00:02 . Memory (MB): peak = 1364.078 ; gain = 67.270
INFO: [Place 30-746] Post Placement Timing Summary WNS=5.351. For the most accurate timing information please run report_timing.
Phase 4.1.1 Post Placement Optimization | Checksum: 18ed100ad

Time (s): cpu = 00:00:04 ; elapsed = 00:00:02 . Memory (MB): peak = 1364.078 ; gain = 67.270
Phase 4.1 Post Commit Optimization | Checksum: 18ed100ad

Time (s): cpu = 00:00:04 ; elapsed = 00:00:02 . Memory (MB): peak = 1364.078 ; gain = 67.270

Phase 4.2 Post Placement Cleanup
Phase 4.2 Post Placement Cleanup | Checksum: 18ed100ad

Time (s): cpu = 00:00:04 ; elapsed = 00:00:02 . Memory (MB): peak = 1364.078 ; gain = 67.270

Phase 4.3 Placer Reporting
Phase 4.3 Placer Reporting | Checksum: 18ed100ad

Time (s): cpu = 00:00:04 ; elapsed = 00:00:02 . Memory (MB): peak = 1364.078 ; gain = 67.270

Phase 4.4 Final Placement Cleanup
Phase 4.4 Final Placement Cleanup | Checksum: 12eb15054

Time (s): cpu = 00:00:04 ; elapsed = 00:00:02 . Memory (MB): peak = 1364.078 ; gain = 67.270
Phase 4 Post Placement Optimization and Clean-Up | Checksum: 12eb15054

Time (s): cpu = 00:00:04 ; elapsed = 00:00:02 . Memory (MB): peak = 1364.078 ; gain = 67.270
Ending Placer Task | Checksum: 116adb2ce

Time (s): cpu = 00:00:04 ; elapsed = 00:00:02 . Memory (MB): peak = 1364.078 ; gain = 67.270
INFO: [Common 17-83] Releasing license: Implementation
47 Infos, 0 Warnings, 0 Critical Warnings and 0 Errors encountered.
place_design completed successfully
INFO: [Timing 38-480] Writing timing data to binary archive.
Writing placer database...
Writing XDEF routing.
Writing XDEF routing logical nets.
Writing XDEF routing special nets.
Write XDEF Complete: Time (s): cpu = 00:00:00 ; elapsed = 00:00:00.033 . Memory (MB): peak = 1364.078 ; gain = 0.000
INFO: [Common 17-1381] The checkpoint 'C:/Users/b183r035m/Documents/workspace/VIVADO/counter/counter.runs/impl_1/counter_placed.dcp' has been generated.
INFO: [runtcl-4] Executing : report_io -file counter_io_placed.rpt
report_io: Time (s): cpu = 00:00:00 ; elapsed = 00:00:00.047 . Memory (MB): peak = 1365.402 ; gain = 0.000
INFO: [runtcl-4] Executing : report_utilization -file counter_utilization_placed.rpt -pb counter_utilization_placed.pb
report_utilization: Time (s): cpu = 00:00:00 ; elapsed = 00:00:00.079 . Memory (MB): peak = 1365.402 ; gain = 0.000
INFO: [runtcl-4] Executing : report_control_sets -verbose -file counter_control_sets_placed.rpt
report_control_sets: Time (s): cpu = 00:00:00 ; elapsed = 00:00:00.004 . Memory (MB): peak = 1365.402 ; gain = 0.000
Command: route_design
Attempting to get a license for feature 'Implementation' and/or device 'xc7a200t'
INFO: [Common 17-349] Got license for feature 'Implementation' and/or device 'xc7a200t'
Running DRC as a precondition to command route_design
INFO: [DRC 23-27] Running DRC with 2 threads
INFO: [Vivado_Tcl 4-198] DRC finished with 0 Errors
INFO: [Vivado_Tcl 4-199] Please refer to the DRC report (report_drc) for more information.


Starting Routing Task
INFO: [Route 35-254] Multithreading enabled for route_design using a maximum of 2 CPUs
Checksum: PlaceDB: e5b122df ConstDB: 0 ShapeSum: 30fc8fef RouteDB: 0

Phase 1 Build RT Design
Phase 1 Build RT Design | Checksum: 8babc2df

Time (s): cpu = 00:00:55 ; elapsed = 00:00:49 . Memory (MB): peak = 1577.477 ; gain = 212.074
Post Restoration Checksum: NetGraph: 7930d607 NumContArr: 127aecd8 Constraints: 0 Timing: 0

Phase 2 Router Initialization

Phase 2.1 Create Timer
Phase 2.1 Create Timer | Checksum: 8babc2df

Time (s): cpu = 00:00:55 ; elapsed = 00:00:49 . Memory (MB): peak = 1577.477 ; gain = 212.074

Phase 2.2 Fix Topology Constraints
Phase 2.2 Fix Topology Constraints | Checksum: 8babc2df

Time (s): cpu = 00:00:55 ; elapsed = 00:00:49 . Memory (MB): peak = 1583.496 ; gain = 218.094

Phase 2.3 Pre Route Cleanup
Phase 2.3 Pre Route Cleanup | Checksum: 8babc2df

Time (s): cpu = 00:00:55 ; elapsed = 00:00:49 . Memory (MB): peak = 1583.496 ; gain = 218.094
 Number of Nodes with overlaps = 0

Phase 2.4 Update Timing
Phase 2.4 Update Timing | Checksum: 1392ef3f5

Time (s): cpu = 00:00:55 ; elapsed = 00:00:50 . Memory (MB): peak = 1618.363 ; gain = 252.961
INFO: [Route 35-416] Intermediate Timing Summary | WNS=5.324  | TNS=0.000  | WHS=-0.048 | THS=-0.127 |

Phase 2 Router Initialization | Checksum: ce0fd918

Time (s): cpu = 00:00:55 ; elapsed = 00:00:50 . Memory (MB): peak = 1618.363 ; gain = 252.961

Phase 3 Initial Routing
Phase 3 Initial Routing | Checksum: 129814797

Time (s): cpu = 00:00:56 ; elapsed = 00:00:50 . Memory (MB): peak = 1618.363 ; gain = 252.961

Phase 4 Rip-up And Reroute

Phase 4.1 Global Iteration 0
 Number of Nodes with overlaps = 1
 Number of Nodes with overlaps = 0
INFO: [Route 35-416] Intermediate Timing Summary | WNS=5.467  | TNS=0.000  | WHS=N/A    | THS=N/A    |

Phase 4.1 Global Iteration 0 | Checksum: dcde99f2

Time (s): cpu = 00:00:56 ; elapsed = 00:00:50 . Memory (MB): peak = 1618.363 ; gain = 252.961
Phase 4 Rip-up And Reroute | Checksum: dcde99f2

Time (s): cpu = 00:00:56 ; elapsed = 00:00:50 . Memory (MB): peak = 1618.363 ; gain = 252.961

Phase 5 Delay and Skew Optimization

Phase 5.1 Delay CleanUp
Phase 5.1 Delay CleanUp | Checksum: dcde99f2

Time (s): cpu = 00:00:56 ; elapsed = 00:00:50 . Memory (MB): peak = 1618.363 ; gain = 252.961

Phase 5.2 Clock Skew Optimization
Phase 5.2 Clock Skew Optimization | Checksum: dcde99f2

Time (s): cpu = 00:00:56 ; elapsed = 00:00:50 . Memory (MB): peak = 1618.363 ; gain = 252.961
Phase 5 Delay and Skew Optimization | Checksum: dcde99f2

Time (s): cpu = 00:00:56 ; elapsed = 00:00:50 . Memory (MB): peak = 1618.363 ; gain = 252.961

Phase 6 Post Hold Fix

Phase 6.1 Hold Fix Iter

Phase 6.1.1 Update Timing
Phase 6.1.1 Update Timing | Checksum: 15d15b48c

Time (s): cpu = 00:00:56 ; elapsed = 00:00:50 . Memory (MB): peak = 1618.363 ; gain = 252.961
INFO: [Route 35-416] Intermediate Timing Summary | WNS=5.568  | TNS=0.000  | WHS=0.249  | THS=0.000  |

Phase 6.1 Hold Fix Iter | Checksum: 15d15b48c

Time (s): cpu = 00:00:56 ; elapsed = 00:00:50 . Memory (MB): peak = 1618.363 ; gain = 252.961
Phase 6 Post Hold Fix | Checksum: 15d15b48c

Time (s): cpu = 00:00:56 ; elapsed = 00:00:50 . Memory (MB): peak = 1618.363 ; gain = 252.961

Phase 7 Route finalize

Router Utilization Summary
  Global Vertical Routing Utilization    = 0.0104059 %
  Global Horizontal Routing Utilization  = 0.00631196 %
  Routable Net Status*
  *Does not include unroutable nets such as driverless and loadless.
  Run report_route_status for detailed report.
  Number of Failed Nets               = 0
  Number of Unrouted Nets             = 0
  Number of Partially Routed Nets     = 0
  Number of Node Overlaps             = 0

Phase 7 Route finalize | Checksum: 88421bd9

Time (s): cpu = 00:00:56 ; elapsed = 00:00:50 . Memory (MB): peak = 1618.363 ; gain = 252.961

Phase 8 Verifying routed nets

 Verification completed successfully
Phase 8 Verifying routed nets | Checksum: 88421bd9

Time (s): cpu = 00:00:56 ; elapsed = 00:00:50 . Memory (MB): peak = 1618.363 ; gain = 252.961

Phase 9 Depositing Routes
Phase 9 Depositing Routes | Checksum: 78e84a13

Time (s): cpu = 00:00:56 ; elapsed = 00:00:50 . Memory (MB): peak = 1618.363 ; gain = 252.961

Phase 10 Post Router Timing
INFO: [Route 35-57] Estimated Timing Summary | WNS=5.568  | TNS=0.000  | WHS=0.249  | THS=0.000  |

INFO: [Route 35-327] The final timing numbers are based on the router estimated timing analysis. For a complete and accurate timing signoff, please run report_timing_summary.
Phase 10 Post Router Timing | Checksum: 78e84a13

Time (s): cpu = 00:00:56 ; elapsed = 00:00:50 . Memory (MB): peak = 1618.363 ; gain = 252.961
INFO: [Route 35-16] Router Completed Successfully

Time (s): cpu = 00:00:56 ; elapsed = 00:00:50 . Memory (MB): peak = 1618.363 ; gain = 252.961

Routing Is Done.
INFO: [Common 17-83] Releasing license: Implementation
64 Infos, 0 Warnings, 0 Critical Warnings and 0 Errors encountered.
route_design completed successfully
route_design: Time (s): cpu = 00:00:57 ; elapsed = 00:00:51 . Memory (MB): peak = 1618.363 ; gain = 252.961
INFO: [Timing 38-480] Writing timing data to binary archive.
Writing placer database...
Writing XDEF routing.
Writing XDEF routing logical nets.
Writing XDEF routing special nets.
Write XDEF Complete: Time (s): cpu = 00:00:00 ; elapsed = 00:00:00.033 . Memory (MB): peak = 1618.363 ; gain = 0.000
INFO: [Common 17-1381] The checkpoint 'C:/Users/b183r035m/Documents/workspace/VIVADO/counter/counter.runs/impl_1/counter_routed.dcp' has been generated.
INFO: [runtcl-4] Executing : report_drc -file counter_drc_routed.rpt -pb counter_drc_routed.pb -rpx counter_drc_routed.rpx
Command: report_drc -file counter_drc_routed.rpt -pb counter_drc_routed.pb -rpx counter_drc_routed.rpx
INFO: [DRC 23-27] Running DRC with 2 threads
INFO: [Coretcl 2-168] The results of DRC are in file C:/Users/b183r035m/Documents/workspace/VIVADO/counter/counter.runs/impl_1/counter_drc_routed.rpt.
report_drc completed successfully
INFO: [runtcl-4] Executing : report_methodology -file counter_methodology_drc_routed.rpt -pb counter_methodology_drc_routed.pb -rpx counter_methodology_drc_routed.rpx
Command: report_methodology -file counter_methodology_drc_routed.rpt -pb counter_methodology_drc_routed.pb -rpx counter_methodology_drc_routed.rpx
INFO: [Timing 38-35] Done setting XDC timing constraints.
INFO: [Timing 38-35] Done setting XDC timing constraints.
INFO: [DRC 23-133] Running Methodology with 2 threads
INFO: [Coretcl 2-1520] The results of Report Methodology are in file C:/Users/b183r035m/Documents/workspace/VIVADO/counter/counter.runs/impl_1/counter_methodology_drc_routed.rpt.
report_methodology completed successfully
INFO: [runtcl-4] Executing : report_power -file counter_power_routed.rpt -pb counter_power_summary_routed.pb -rpx counter_power_routed.rpx
Command: report_power -file counter_power_routed.rpt -pb counter_power_summary_routed.pb -rpx counter_power_routed.rpx
INFO: [Timing 38-35] Done setting XDC timing constraints.
Running Vector-less Activity Propagation...

Finished Running Vector-less Activity Propagation
76 Infos, 0 Warnings, 0 Critical Warnings and 0 Errors encountered.
report_power completed successfully
INFO: [runtcl-4] Executing : report_route_status -file counter_route_status.rpt -pb counter_route_status.pb
INFO: [runtcl-4] Executing : report_timing_summary -max_paths 10 -file counter_timing_summary_routed.rpt -pb counter_timing_summary_routed.pb -rpx counter_timing_summary_routed.rpx -warn_on_violation 
INFO: [Timing 38-91] UpdateTimingParams: Speed grade: -1, Delay Type: min_max, Timing Stage: Requireds.
INFO: [Timing 38-191] Multithreading enabled for timing update using a maximum of 2 CPUs
INFO: [runtcl-4] Executing : report_incremental_reuse -file counter_incremental_reuse_routed.rpt
INFO: [Vivado_Tcl 4-545] No incremental reuse to report, no incremental placement and routing data was found.
INFO: [runtcl-4] Executing : report_clock_utilization -file counter_clock_utilization_routed.rpt
INFO: [runtcl-4] Executing : report_bus_skew -warn_on_violation -file route_report_bus_skew_0.rpt -rpx route_report_bus_skew_0.rpx
INFO: [Timing 38-91] UpdateTimingParams: Speed grade: -1, Delay Type: min_max, Timing Stage: Requireds.
INFO: [Timing 38-191] Multithreading enabled for timing update using a maximum of 2 CPUs
Command: write_bitstream -force counter.bit
Attempting to get a license for feature 'Implementation' and/or device 'xc7a200t'
INFO: [Common 17-349] Got license for feature 'Implementation' and/or device 'xc7a200t'
Running DRC as a precondition to command write_bitstream
INFO: [DRC 23-27] Running DRC with 2 threads
INFO: [Vivado 12-3199] DRC finished with 0 Errors
INFO: [Vivado 12-3200] Please refer to the DRC report (report_drc) for more information.
INFO: [Designutils 20-2272] Running write_bitstream with 2 threads.
Loading data files...
Loading site data...
Loading route data...
Processing options...
Creating bitmap...
Creating bitstream...
Writing bitstream ./counter.bit...
INFO: [Vivado 12-1842] Bitgen Completed Successfully.
INFO: [Common 17-83] Releasing license: Implementation
93 Infos, 0 Warnings, 0 Critical Warnings and 0 Errors encountered.
write_bitstream completed successfully
write_bitstream: Time (s): cpu = 00:00:17 ; elapsed = 00:00:16 . Memory (MB): peak = 2098.039 ; gain = 469.617
INFO: [Common 17-206] Exiting Vivado at Thu Dec  3 17:06:29 2020...
