#-----------------------------------------------------------
# Webtalk v2018.1 (64-bit)
# SW Build 2188600 on Wed Apr  4 18:40:38 MDT 2018
# 
# Start of session at: Mon Nov 16 21:25:43 2020
# Process ID: 26040
# Current directory: C:/proj_sasaoka/Display3D/Display3D.sdk/webtalk
# Command line: wbtcv.exe -mode batch -source sdk_webtalk.tcl
# Log file: C:/proj_sasaoka/Display3D/Display3D.sdk/webtalk/webtalk.log
# Journal file: C:/proj_sasaoka/Display3D/Display3D.sdk/webtalk\webtalk.jou
#-----------------------------------------------------------
source sdk_webtalk.tcl
# webtalk_init -webtalk_dir C:\\proj_sasaoka\\Display3D\\Display3D.sdk\\webtalk
# webtalk_register_client -client project
# webtalk_add_data -client project -key date_generated -value "2020-11-16 21:25:40" -context "software_version_and_target_device"
# webtalk_add_data -client project -key product_version -value "SDK v2018.1" -context "software_version_and_target_device"
# webtalk_add_data -client project -key build_version -value "2018.1" -context "software_version_and_target_device"
# webtalk_add_data -client project -key os_platform -value "amd64" -context "software_version_and_target_device"
# webtalk_add_data -client project -key registration_id -value "211387882_1777527812_210663870_360" -context "software_version_and_target_device"
# webtalk_add_data -client project -key tool_flow -value "SDK" -context "software_version_and_target_device"
# webtalk_add_data -client project -key beta -value "false" -context "software_version_and_target_device"
# webtalk_add_data -client project -key route_design -value "NA" -context "software_version_and_target_device"
# webtalk_add_data -client project -key target_family -value "NA" -context "software_version_and_target_device"
# webtalk_add_data -client project -key target_device -value "NA" -context "software_version_and_target_device"
# webtalk_add_data -client project -key target_package -value "NA" -context "software_version_and_target_device"
# webtalk_add_data -client project -key target_speed -value "NA" -context "software_version_and_target_device"
# webtalk_add_data -client project -key random_id -value "gtpg8n4i2ajonf9unrh2tod459" -context "software_version_and_target_device"
# webtalk_add_data -client project -key project_id -value "2018.1_2" -context "software_version_and_target_device"
# webtalk_add_data -client project -key project_iteration -value "2" -context "software_version_and_target_device"
# webtalk_add_data -client project -key os_name -value "Microsoft Windows 8 or later , 64-bit" -context "user_environment"
# webtalk_add_data -client project -key os_release -value "major release  (build 9200)" -context "user_environment"
# webtalk_add_data -client project -key cpu_name -value "Intel(R) Core(TM) i7-4790 CPU @ 3.60GHz" -context "user_environment"
# webtalk_add_data -client project -key cpu_speed -value "3598 MHz" -context "user_environment"
# webtalk_add_data -client project -key total_processors -value "1" -context "user_environment"
# webtalk_add_data -client project -key system_ram -value "34.300 GB" -context "user_environment"
# webtalk_register_client -client sdk
# webtalk_add_data -client sdk -key uid -value "1605528971598" -context "sdk\\\\hardware/1605528971598"
# webtalk_add_data -client sdk -key isZynq -value "false" -context "sdk\\\\hardware/1605528971598"
# webtalk_add_data -client sdk -key isZynqMP -value "false" -context "sdk\\\\hardware/1605528971598"
# webtalk_add_data -client sdk -key Processors -value "1" -context "sdk\\\\hardware/1605528971598"
# webtalk_add_data -client sdk -key VivadoVersion -value "2018.1" -context "sdk\\\\hardware/1605528971598"
# webtalk_add_data -client sdk -key Arch -value "artix7" -context "sdk\\\\hardware/1605528971598"
# webtalk_add_data -client sdk -key Device -value "7a35t" -context "sdk\\\\hardware/1605528971598"
# webtalk_add_data -client sdk -key IsHandoff -value "true" -context "sdk\\\\hardware/1605528971598"
# webtalk_add_data -client sdk -key os -value "NA" -context "sdk\\\\hardware/1605528971598"
# webtalk_add_data -client sdk -key apptemplate -value "NA" -context "sdk\\\\hardware/1605528971598"
# webtalk_add_data -client sdk -key RecordType -value "HWCreation" -context "sdk\\\\hardware/1605528971598"
# webtalk_add_data -client sdk -key uid -value "1605529082799" -context "sdk\\\\bsp/1605529082799"
# webtalk_add_data -client sdk -key hwid -value "1605528971598" -context "sdk\\\\bsp/1605529082799"
# webtalk_add_data -client sdk -key os -value "standalone" -context "sdk\\\\bsp/1605529082799"
# webtalk_add_data -client sdk -key apptemplate -value "empty_application" -context "sdk\\\\bsp/1605529082799"
# webtalk_add_data -client sdk -key RecordType -value "BSPCreation" -context "sdk\\\\bsp/1605529082799"
# webtalk_add_data -client sdk -key uid -value "1605529101055" -context "sdk\\\\application/1605529101055"
# webtalk_add_data -client sdk -key hwid -value "1605528971598" -context "sdk\\\\application/1605529101055"
# webtalk_add_data -client sdk -key bspid -value "1605529082799" -context "sdk\\\\application/1605529101055"
# webtalk_add_data -client sdk -key newbsp -value "true" -context "sdk\\\\application/1605529101055"
# webtalk_add_data -client sdk -key os -value "standalone" -context "sdk\\\\application/1605529101055"
# webtalk_add_data -client sdk -key apptemplate -value "empty_application" -context "sdk\\\\application/1605529101055"
# webtalk_add_data -client sdk -key RecordType -value "APPCreation" -context "sdk\\\\application/1605529101055"
# webtalk_add_data -client sdk -key LangUsed -value "CPP" -context "sdk\\\\application/1605529101055"
# webtalk_add_data -client sdk -key Procused -value "microblaze" -context "sdk\\\\application/1605529101055"
# webtalk_add_data -client sdk -key projSize -value "68.5" -context "sdk\\\\application/1605529101055"
# webtalk_add_data -client sdk -key uid -value "NA" -context "sdk\\\\bsp/1605529540744"
# webtalk_add_data -client sdk -key RecordType -value "ToolUsage" -context "sdk\\\\bsp/1605529540744"
# webtalk_add_data -client sdk -key BootgenCount -value "0" -context "sdk\\\\bsp/1605529540744"
# webtalk_add_data -client sdk -key DebugCount -value "1" -context "sdk\\\\bsp/1605529540744"
# webtalk_add_data -client sdk -key PerfCount -value "0" -context "sdk\\\\bsp/1605529540744"
# webtalk_add_data -client sdk -key FlashCount -value "0" -context "sdk\\\\bsp/1605529540744"
# webtalk_add_data -client sdk -key CrossTriggCount -value "0" -context "sdk\\\\bsp/1605529540744"
# webtalk_add_data -client sdk -key QemuDebugCount -value "0" -context "sdk\\\\bsp/1605529540744"
# webtalk_transmit -clientid 61079135 -regid "211387882_1777527812_210663870_360" -xml C:\\proj_sasaoka\\Display3D\\Display3D.sdk\\webtalk\\usage_statistics_ext_sdk.xml -html C:\\proj_sasaoka\\Display3D\\Display3D.sdk\\webtalk\\usage_statistics_ext_sdk.html -wdm C:\\proj_sasaoka\\Display3D\\Display3D.sdk\\webtalk\\sdk_webtalk.wdm -intro "<H3>SDK Usage Report</H3><BR>"
# webtalk_terminate
INFO: [Common 17-206] Exiting Webtalk at Mon Nov 16 21:25:48 2020...
