21:15:34 INFO  : Registering command handlers for SDK TCF services
21:15:38 INFO  : Launching XSCT server: xsct.bat -interactive C:\proj_sasaoka\Display3D\Display3D.sdk\temp_xsdb_launch_script.tcl
21:15:45 INFO  : XSCT server has started successfully.
21:15:45 INFO  : Successfully done setting XSCT server connection channel  
21:15:59 INFO  : Processing command line option -hwspec C:/proj_sasaoka/Display3D/Display3D.sdk/FPGA_TOP.hdf.
21:15:59 INFO  : Successfully done setting SDK workspace  
21:23:26 INFO  : Connected to target on host '127.0.0.1' and port '3121'.
21:23:28 INFO  : Jtag cable 'Digilent Cmod A7 - 35T 210328A6D9E7A' is selected.
21:23:28 INFO  : 'jtag frequency' command is executed.
21:23:29 INFO  : 'targets -set -filter {jtag_cable_name =~ "Digilent Cmod A7 - 35T 210328A6D9E7A" && level==0} -index 0' command is executed.
21:23:30 INFO  : FPGA configured successfully with bitstream "C:/proj_sasaoka/Display3D/Display3D.sdk/FPGA_TOP_hw_platform_0/FPGA_TOP.bit"
21:23:30 INFO  : 'configparams mdm-detect-bscan-mask 2' command is executed.
21:23:31 INFO  : Context for processor 'mbcore' is selected.
21:23:31 INFO  : System reset is completed.
21:23:34 INFO  : 'after 3000' command is executed.
21:23:35 INFO  : Context for processor 'mbcore' is selected.
21:23:35 ERROR : Cannot stop MicroBlaze. MicroBlaze is held in reset
21:23:35 INFO  : ----------------XSDB Script----------------
connect -url tcp:127.0.0.1:3121
targets -set -filter {jtag_cable_name =~ "Digilent Cmod A7 - 35T 210328A6D9E7A" && level==0} -index 0
fpga -file C:/proj_sasaoka/Display3D/Display3D.sdk/FPGA_TOP_hw_platform_0/FPGA_TOP.bit
configparams mdm-detect-bscan-mask 2
targets -set -nocase -filter {name =~ "microblaze*#0" && bscan=="USER2"  && jtag_cable_name =~ "Digilent Cmod A7 - 35T 210328A6D9E7A"} -index 0
rst -system
after 3000
targets -set -nocase -filter {name =~ "microblaze*#0" && bscan=="USER2"  && jtag_cable_name =~ "Digilent Cmod A7 - 35T 210328A6D9E7A"} -index 0
dow C:/proj_sasaoka/Display3D/Display3D.sdk/DISP3D/Debug/DISP3D.elf
----------------End of Script----------------

21:34:44 INFO  : Registering command handlers for SDK TCF services
21:34:44 INFO  : Launching XSCT server: xsct.bat -interactive C:\proj_sasaoka\Display3D\Display3D.sdk\temp_xsdb_launch_script.tcl
21:34:47 INFO  : XSCT server has started successfully.
21:34:47 INFO  : Successfully done setting XSCT server connection channel  
21:34:48 INFO  : Processing command line option -hwspec C:/proj_sasaoka/Display3D/Display3D.sdk/FPGA_TOP.hdf.
21:34:48 INFO  : Successfully done setting SDK workspace  
21:34:48 INFO  : Checking for hwspec changes in the project FPGA_TOP_hw_platform_0.
21:34:50 INFO  : SDK has detected change in the last modified timestamps for source hardware specification file Source:1605530025331,  Project:1605528786695
21:34:50 INFO  : The hardware specification for project 'FPGA_TOP_hw_platform_0' is different from C:/proj_sasaoka/Display3D/Display3D.sdk/FPGA_TOP.hdf.
21:34:50 INFO  : Copied contents of C:/proj_sasaoka/Display3D/Display3D.sdk/FPGA_TOP.hdf into \FPGA_TOP_hw_platform_0\system.hdf.
21:34:50 INFO  : Synchronizing projects in the workspace with the hardware platform specification changes.
21:34:53 INFO  : 
21:34:54 INFO  : Updating hardware inferred compiler options for DISP3D.
21:34:54 INFO  : Clearing existing target manager status.
21:35:07 INFO  : Connected to target on host '127.0.0.1' and port '3121'.
21:35:08 INFO  : Jtag cable 'Digilent Cmod A7 - 35T 210328A6D9E7A' is selected.
21:35:09 INFO  : 'jtag frequency' command is executed.
21:35:10 INFO  : 'targets -set -filter {jtag_cable_name =~ "Digilent Cmod A7 - 35T 210328A6D9E7A" && level==0} -index 0' command is executed.
21:35:11 INFO  : FPGA configured successfully with bitstream "C:/proj_sasaoka/Display3D/Display3D.sdk/FPGA_TOP_hw_platform_0/FPGA_TOP.bit"
21:35:11 INFO  : 'configparams mdm-detect-bscan-mask 2' command is executed.
21:35:12 INFO  : Context for processor 'mbcore' is selected.
21:35:12 INFO  : System reset is completed.
21:35:15 INFO  : 'after 3000' command is executed.
21:35:16 INFO  : Context for processor 'mbcore' is selected.
21:35:16 ERROR : Cannot stop MicroBlaze. MicroBlaze is held in reset
21:35:16 INFO  : ----------------XSDB Script----------------
connect -url tcp:127.0.0.1:3121
targets -set -filter {jtag_cable_name =~ "Digilent Cmod A7 - 35T 210328A6D9E7A" && level==0} -index 0
fpga -file C:/proj_sasaoka/Display3D/Display3D.sdk/FPGA_TOP_hw_platform_0/FPGA_TOP.bit
configparams mdm-detect-bscan-mask 2
targets -set -nocase -filter {name =~ "microblaze*#0" && bscan=="USER2"  && jtag_cable_name =~ "Digilent Cmod A7 - 35T 210328A6D9E7A"} -index 0
rst -system
after 3000
targets -set -nocase -filter {name =~ "microblaze*#0" && bscan=="USER2"  && jtag_cable_name =~ "Digilent Cmod A7 - 35T 210328A6D9E7A"} -index 0
dow C:/proj_sasaoka/Display3D/Display3D.sdk/DISP3D/Debug/DISP3D.elf
----------------End of Script----------------

21:36:15 INFO  : Connected to target on host '127.0.0.1' and port '3121'.
21:36:15 INFO  : Jtag cable 'Digilent Cmod A7 - 35T 210328A6D9E7A' is selected.
21:36:15 INFO  : 'jtag frequency' command is executed.
21:36:15 INFO  : 'targets -set -filter {jtag_cable_name =~ "Digilent Cmod A7 - 35T 210328A6D9E7A" && level==0} -index 0' command is executed.
21:36:16 INFO  : FPGA configured successfully with bitstream "C:/proj_sasaoka/Display3D/Display3D.sdk/FPGA_TOP_hw_platform_0/FPGA_TOP.bit"
21:36:16 INFO  : 'configparams mdm-detect-bscan-mask 2' command is executed.
21:36:16 INFO  : Context for processor 'mbcore' is selected.
21:36:16 INFO  : System reset is completed.
21:36:19 INFO  : 'after 3000' command is executed.
21:36:19 INFO  : Context for processor 'mbcore' is selected.
21:36:19 ERROR : Cannot stop MicroBlaze. MicroBlaze is held in reset
21:36:19 INFO  : ----------------XSDB Script----------------
connect -url tcp:127.0.0.1:3121
targets -set -filter {jtag_cable_name =~ "Digilent Cmod A7 - 35T 210328A6D9E7A" && level==0} -index 0
fpga -file C:/proj_sasaoka/Display3D/Display3D.sdk/FPGA_TOP_hw_platform_0/FPGA_TOP.bit
configparams mdm-detect-bscan-mask 2
targets -set -nocase -filter {name =~ "microblaze*#0" && bscan=="USER2"  && jtag_cable_name =~ "Digilent Cmod A7 - 35T 210328A6D9E7A"} -index 0
rst -system
after 3000
targets -set -nocase -filter {name =~ "microblaze*#0" && bscan=="USER2"  && jtag_cable_name =~ "Digilent Cmod A7 - 35T 210328A6D9E7A"} -index 0
dow C:/proj_sasaoka/Display3D/Display3D.sdk/DISP3D/Debug/DISP3D.elf
----------------End of Script----------------

22:19:32 INFO  : Registering command handlers for SDK TCF services
22:19:32 INFO  : Launching XSCT server: xsct.bat -interactive C:\proj_sasaoka\Display3D\Display3D.sdk\temp_xsdb_launch_script.tcl
22:19:35 INFO  : XSCT server has started successfully.
22:19:35 INFO  : Successfully done setting XSCT server connection channel  
22:19:36 INFO  : Processing command line option -hwspec C:/proj_sasaoka/Display3D/Display3D.sdk/FPGA_TOP.hdf.
22:19:36 INFO  : Successfully done setting SDK workspace  
22:19:36 INFO  : Checking for hwspec changes in the project FPGA_TOP_hw_platform_0.
22:19:37 INFO  : SDK has detected change in the last modified timestamps for source hardware specification file Source:1605532685505,  Project:1605530025331
22:19:37 INFO  : The hardware specification for project 'FPGA_TOP_hw_platform_0' is different from C:/proj_sasaoka/Display3D/Display3D.sdk/FPGA_TOP.hdf.
22:19:39 INFO  : Copied contents of C:/proj_sasaoka/Display3D/Display3D.sdk/FPGA_TOP.hdf into \FPGA_TOP_hw_platform_0\system.hdf.
22:19:39 INFO  : Synchronizing projects in the workspace with the hardware platform specification changes.
22:19:43 INFO  : 
22:19:44 INFO  : Updating hardware inferred compiler options for DISP3D.
22:19:44 INFO  : Clearing existing target manager status.
22:20:06 INFO  : Connected to target on host '127.0.0.1' and port '3121'.
22:20:07 INFO  : Jtag cable 'Digilent Cmod A7 - 35T 210328A6D9E7A' is selected.
22:20:07 INFO  : 'jtag frequency' command is executed.
22:20:08 INFO  : 'targets -set -filter {jtag_cable_name =~ "Digilent Cmod A7 - 35T 210328A6D9E7A" && level==0} -index 0' command is executed.
22:20:09 INFO  : FPGA configured successfully with bitstream "C:/proj_sasaoka/Display3D/Display3D.sdk/FPGA_TOP_hw_platform_0/FPGA_TOP.bit"
22:20:09 INFO  : 'configparams mdm-detect-bscan-mask 2' command is executed.
22:20:10 INFO  : Context for processor 'mbcore' is selected.
22:20:10 INFO  : System reset is completed.
22:20:13 INFO  : 'after 3000' command is executed.
22:20:14 INFO  : Context for processor 'mbcore' is selected.
22:20:14 ERROR : Cannot stop MicroBlaze. MicroBlaze is held in reset
22:20:14 INFO  : ----------------XSDB Script----------------
connect -url tcp:127.0.0.1:3121
targets -set -filter {jtag_cable_name =~ "Digilent Cmod A7 - 35T 210328A6D9E7A" && level==0} -index 0
fpga -file C:/proj_sasaoka/Display3D/Display3D.sdk/FPGA_TOP_hw_platform_0/FPGA_TOP.bit
configparams mdm-detect-bscan-mask 2
targets -set -nocase -filter {name =~ "microblaze*#0" && bscan=="USER2"  && jtag_cable_name =~ "Digilent Cmod A7 - 35T 210328A6D9E7A"} -index 0
rst -system
after 3000
targets -set -nocase -filter {name =~ "microblaze*#0" && bscan=="USER2"  && jtag_cable_name =~ "Digilent Cmod A7 - 35T 210328A6D9E7A"} -index 0
dow C:/proj_sasaoka/Display3D/Display3D.sdk/DISP3D/Debug/DISP3D.elf
----------------End of Script----------------

22:20:33 INFO  : Connected to target on host '127.0.0.1' and port '3121'.
22:20:33 INFO  : Jtag cable 'Digilent Cmod A7 - 35T 210328A6D9E7A' is selected.
22:20:33 INFO  : 'jtag frequency' command is executed.
22:20:33 INFO  : 'targets -set -filter {jtag_cable_name =~ "Digilent Cmod A7 - 35T 210328A6D9E7A" && level==0} -index 0' command is executed.
22:20:35 INFO  : FPGA configured successfully with bitstream "C:/proj_sasaoka/Display3D/Display3D.sdk/FPGA_TOP_hw_platform_0/FPGA_TOP.bit"
22:20:35 INFO  : 'configparams mdm-detect-bscan-mask 2' command is executed.
22:20:35 INFO  : Context for processor 'mbcore' is selected.
22:20:35 INFO  : System reset is completed.
22:20:38 INFO  : 'after 3000' command is executed.
22:20:38 INFO  : Context for processor 'mbcore' is selected.
22:20:38 ERROR : Cannot stop MicroBlaze. MicroBlaze is held in reset
22:20:38 INFO  : ----------------XSDB Script----------------
connect -url tcp:127.0.0.1:3121
targets -set -filter {jtag_cable_name =~ "Digilent Cmod A7 - 35T 210328A6D9E7A" && level==0} -index 0
fpga -file C:/proj_sasaoka/Display3D/Display3D.sdk/FPGA_TOP_hw_platform_0/FPGA_TOP.bit
configparams mdm-detect-bscan-mask 2
targets -set -nocase -filter {name =~ "microblaze*#0" && bscan=="USER2"  && jtag_cable_name =~ "Digilent Cmod A7 - 35T 210328A6D9E7A"} -index 0
rst -system
after 3000
targets -set -nocase -filter {name =~ "microblaze*#0" && bscan=="USER2"  && jtag_cable_name =~ "Digilent Cmod A7 - 35T 210328A6D9E7A"} -index 0
dow C:/proj_sasaoka/Display3D/Display3D.sdk/DISP3D/Debug/DISP3D.elf
----------------End of Script----------------

22:21:23 INFO  : Connected to target on host '127.0.0.1' and port '3121'.
22:21:24 INFO  : Jtag cable 'Digilent Cmod A7 - 35T 210328A6D9E7A' is selected.
22:21:24 INFO  : 'jtag frequency' command is executed.
22:21:24 INFO  : 'targets -set -filter {jtag_cable_name =~ "Digilent Cmod A7 - 35T 210328A6D9E7A" && level==0} -index 0' command is executed.
22:21:25 INFO  : FPGA configured successfully with bitstream "C:/proj_sasaoka/Display3D/Display3D.sdk/FPGA_TOP_hw_platform_0/FPGA_TOP.bit"
22:21:25 INFO  : 'configparams mdm-detect-bscan-mask 2' command is executed.
22:21:25 INFO  : Context for processor 'mbcore' is selected.
22:21:25 ERROR : Cannot stop MicroBlaze. MicroBlaze is held in reset
22:21:25 INFO  : ----------------XSDB Script----------------
connect -url tcp:127.0.0.1:3121
targets -set -filter {jtag_cable_name =~ "Digilent Cmod A7 - 35T 210328A6D9E7A" && level==0} -index 0
fpga -file C:/proj_sasaoka/Display3D/Display3D.sdk/FPGA_TOP_hw_platform_0/FPGA_TOP.bit
configparams mdm-detect-bscan-mask 2
targets -set -nocase -filter {name =~ "microblaze*#0" && bscan=="USER2"  && jtag_cable_name =~ "Digilent Cmod A7 - 35T 210328A6D9E7A"} -index 0
rst -processor
----------------End of Script----------------

22:21:49 INFO  : Connected to target on host '127.0.0.1' and port '3121'.
22:21:49 INFO  : Jtag cable 'Digilent Cmod A7 - 35T 210328A6D9E7A' is selected.
22:21:49 INFO  : 'jtag frequency' command is executed.
22:21:49 INFO  : 'targets -set -filter {jtag_cable_name =~ "Digilent Cmod A7 - 35T 210328A6D9E7A" && level==0} -index 0' command is executed.
22:21:51 INFO  : FPGA configured successfully with bitstream "C:/proj_sasaoka/Display3D/Display3D.sdk/FPGA_TOP_hw_platform_0/FPGA_TOP.bit"
22:21:51 INFO  : 'configparams mdm-detect-bscan-mask 2' command is executed.
22:21:51 INFO  : Context for processor 'mbcore' is selected.
22:21:51 ERROR : Cannot stop MicroBlaze. MicroBlaze is held in reset
22:21:51 INFO  : ----------------XSDB Script----------------
connect -url tcp:127.0.0.1:3121
targets -set -filter {jtag_cable_name =~ "Digilent Cmod A7 - 35T 210328A6D9E7A" && level==0} -index 0
fpga -file C:/proj_sasaoka/Display3D/Display3D.sdk/FPGA_TOP_hw_platform_0/FPGA_TOP.bit
configparams mdm-detect-bscan-mask 2
targets -set -nocase -filter {name =~ "microblaze*#0" && bscan=="USER2"  && jtag_cable_name =~ "Digilent Cmod A7 - 35T 210328A6D9E7A"} -index 0
rst -processor
----------------End of Script----------------

22:25:07 INFO  : Connected to target on host '127.0.0.1' and port '3121'.
22:25:07 INFO  : Jtag cable 'Digilent Cmod A7 - 35T 210328A6D9E7A' is selected.
22:25:07 INFO  : 'jtag frequency' command is executed.
22:25:07 INFO  : 'targets -set -filter {jtag_cable_name =~ "Digilent Cmod A7 - 35T 210328A6D9E7A" && level==0} -index 0' command is executed.
22:25:09 INFO  : FPGA configured successfully with bitstream "C:/proj_sasaoka/Display3D/Display3D.sdk/FPGA_TOP_hw_platform_0/FPGA_TOP.bit"
22:25:09 INFO  : 'configparams mdm-detect-bscan-mask 2' command is executed.
22:25:09 INFO  : Context for processor 'mbcore' is selected.
22:25:09 ERROR : Cannot stop MicroBlaze. MicroBlaze is held in reset
22:25:09 INFO  : ----------------XSDB Script----------------
connect -url tcp:127.0.0.1:3121
targets -set -filter {jtag_cable_name =~ "Digilent Cmod A7 - 35T 210328A6D9E7A" && level==0} -index 0
fpga -file C:/proj_sasaoka/Display3D/Display3D.sdk/FPGA_TOP_hw_platform_0/FPGA_TOP.bit
configparams mdm-detect-bscan-mask 2
targets -set -nocase -filter {name =~ "microblaze*#0" && bscan=="USER2"  && jtag_cable_name =~ "Digilent Cmod A7 - 35T 210328A6D9E7A"} -index 0
rst -processor
----------------End of Script----------------

22:25:31 INFO  : Connected to target on host '127.0.0.1' and port '3121'.
22:26:32 INFO  : Connected to target on host '127.0.0.1' and port '3121'.
22:26:32 INFO  : Jtag cable 'Digilent Cmod A7 - 35T 210328A6D9E7A' is selected.
22:26:32 INFO  : 'jtag frequency' command is executed.
22:26:32 INFO  : 'targets -set -filter {jtag_cable_name =~ "Digilent Cmod A7 - 35T 210328A6D9E7A" && level==0} -index 0' command is executed.
22:26:33 INFO  : FPGA configured successfully with bitstream "C:/proj_sasaoka/Display3D/Display3D.sdk/FPGA_TOP_hw_platform_0/FPGA_TOP.bit"
22:26:33 INFO  : 'configparams mdm-detect-bscan-mask 2' command is executed.
22:26:33 INFO  : Context for processor 'mbcore' is selected.
22:26:33 ERROR : Cannot stop MicroBlaze. MicroBlaze is held in reset
22:26:33 INFO  : ----------------XSDB Script----------------
connect -url tcp:127.0.0.1:3121
targets -set -filter {jtag_cable_name =~ "Digilent Cmod A7 - 35T 210328A6D9E7A" && level==0} -index 0
fpga -file C:/proj_sasaoka/Display3D/Display3D.sdk/FPGA_TOP_hw_platform_0/FPGA_TOP.bit
configparams mdm-detect-bscan-mask 2
targets -set -nocase -filter {name =~ "microblaze*#0" && bscan=="USER2"  && jtag_cable_name =~ "Digilent Cmod A7 - 35T 210328A6D9E7A"} -index 0
rst -processor
----------------End of Script----------------

22:39:19 INFO  : Registering command handlers for SDK TCF services
22:39:19 INFO  : Launching XSCT server: xsct.bat -interactive C:\proj_sasaoka\Display3D\Display3D.sdk\temp_xsdb_launch_script.tcl
22:39:23 INFO  : XSCT server has started successfully.
22:39:23 INFO  : Processing command line option -hwspec C:/proj_sasaoka/Display3D/Display3D.sdk/FPGA_TOP.hdf.
22:39:23 INFO  : Successfully done setting XSCT server connection channel  
22:39:23 INFO  : Successfully done setting SDK workspace  
22:39:23 INFO  : Checking for hwspec changes in the project FPGA_TOP_hw_platform_0.
22:39:24 INFO  : SDK has detected change in the last modified timestamps for source hardware specification file Source:1605533828714,  Project:1605532685505
22:39:24 INFO  : The hardware specification for project 'FPGA_TOP_hw_platform_0' is different from C:/proj_sasaoka/Display3D/Display3D.sdk/FPGA_TOP.hdf.
22:39:25 INFO  : Copied contents of C:/proj_sasaoka/Display3D/Display3D.sdk/FPGA_TOP.hdf into \FPGA_TOP_hw_platform_0\system.hdf.
22:39:25 INFO  : Synchronizing projects in the workspace with the hardware platform specification changes.
22:39:27 INFO  : 
22:39:28 INFO  : Updating hardware inferred compiler options for DISP3D.
22:39:28 INFO  : Clearing existing target manager status.
22:40:03 INFO  : Connected to target on host '127.0.0.1' and port '3121'.
22:40:03 INFO  : Jtag cable 'Digilent Cmod A7 - 35T 210328A6D9E7A' is selected.
22:40:03 INFO  : 'jtag frequency' command is executed.
22:40:03 INFO  : 'targets -set -filter {jtag_cable_name =~ "Digilent Cmod A7 - 35T 210328A6D9E7A" && level==0} -index 0' command is executed.
22:40:04 INFO  : FPGA configured successfully with bitstream "C:/proj_sasaoka/Display3D/Display3D.sdk/FPGA_TOP_hw_platform_0/FPGA_TOP.bit"
22:40:04 INFO  : 'configparams mdm-detect-bscan-mask 2' command is executed.
22:40:05 INFO  : Context for processor 'mbcore' is selected.
22:40:05 ERROR : Cannot stop MicroBlaze. MicroBlaze is held in reset
22:40:05 INFO  : ----------------XSDB Script----------------
connect -url tcp:127.0.0.1:3121
targets -set -filter {jtag_cable_name =~ "Digilent Cmod A7 - 35T 210328A6D9E7A" && level==0} -index 0
fpga -file C:/proj_sasaoka/Display3D/Display3D.sdk/FPGA_TOP_hw_platform_0/FPGA_TOP.bit
configparams mdm-detect-bscan-mask 2
targets -set -nocase -filter {name =~ "microblaze*#0" && bscan=="USER2"  && jtag_cable_name =~ "Digilent Cmod A7 - 35T 210328A6D9E7A"} -index 0
rst -processor
----------------End of Script----------------

23:07:07 INFO  : Registering command handlers for SDK TCF services
23:07:07 INFO  : Launching XSCT server: xsct.bat -interactive C:\proj_sasaoka\Display3D\Display3D.sdk\temp_xsdb_launch_script.tcl
23:07:10 INFO  : XSCT server has started successfully.
23:07:10 INFO  : Successfully done setting XSCT server connection channel  
23:07:11 INFO  : Processing command line option -hwspec C:/proj_sasaoka/Display3D/Display3D.sdk/FPGA_TOP.hdf.
23:07:11 INFO  : Successfully done setting SDK workspace  
23:07:11 INFO  : Checking for hwspec changes in the project FPGA_TOP_hw_platform_0.
23:07:13 INFO  : SDK has detected change in the last modified timestamps for source hardware specification file Source:1605535549893,  Project:1605533828714
23:07:13 INFO  : The hardware specification for project 'FPGA_TOP_hw_platform_0' is different from C:/proj_sasaoka/Display3D/Display3D.sdk/FPGA_TOP.hdf.
23:07:13 INFO  : Copied contents of C:/proj_sasaoka/Display3D/Display3D.sdk/FPGA_TOP.hdf into \FPGA_TOP_hw_platform_0\system.hdf.
23:07:13 INFO  : Synchronizing projects in the workspace with the hardware platform specification changes.
23:07:16 INFO  : 
23:07:17 INFO  : Updating hardware inferred compiler options for DISP3D.
23:07:17 INFO  : Clearing existing target manager status.
23:07:37 INFO  : Connected to target on host '127.0.0.1' and port '3121'.
23:07:37 INFO  : Jtag cable 'Digilent Cmod A7 - 35T 210328A6D9E7A' is selected.
23:07:37 INFO  : 'jtag frequency' command is executed.
23:07:37 INFO  : 'targets -set -filter {jtag_cable_name =~ "Digilent Cmod A7 - 35T 210328A6D9E7A" && level==0} -index 0' command is executed.
23:07:39 INFO  : FPGA configured successfully with bitstream "C:/proj_sasaoka/Display3D/Display3D.sdk/FPGA_TOP_hw_platform_0/FPGA_TOP.bit"
23:07:39 INFO  : 'configparams mdm-detect-bscan-mask 2' command is executed.
23:07:39 INFO  : Context for processor 'mbcore' is selected.
23:07:39 INFO  : Processor reset is completed for 'mbcore'.
23:07:39 INFO  : Context for processor 'mbcore' is selected.
23:07:39 INFO  : The application 'C:/proj_sasaoka/Display3D/Display3D.sdk/DISP3D/Debug/DISP3D.elf' is downloaded to processor 'mbcore'.
23:07:39 INFO  : ----------------XSDB Script----------------
connect -url tcp:127.0.0.1:3121
targets -set -filter {jtag_cable_name =~ "Digilent Cmod A7 - 35T 210328A6D9E7A" && level==0} -index 0
fpga -file C:/proj_sasaoka/Display3D/Display3D.sdk/FPGA_TOP_hw_platform_0/FPGA_TOP.bit
configparams mdm-detect-bscan-mask 2
targets -set -nocase -filter {name =~ "microblaze*#0" && bscan=="USER2"  && jtag_cable_name =~ "Digilent Cmod A7 - 35T 210328A6D9E7A"} -index 0
rst -processor
targets -set -nocase -filter {name =~ "microblaze*#0" && bscan=="USER2"  && jtag_cable_name =~ "Digilent Cmod A7 - 35T 210328A6D9E7A"} -index 0
dow C:/proj_sasaoka/Display3D/Display3D.sdk/DISP3D/Debug/DISP3D.elf
----------------End of Script----------------

23:07:39 INFO  : Memory regions updated for context PA
23:07:39 INFO  : Memory regions updated for context MicroBlaze Debug Module at USER2
23:07:39 INFO  : Launch script is exported to file 'C:\proj_sasaoka\Display3D\Display3D.sdk\.sdk\launch_scripts\xilinx_c-c++_application_(system_debugger)\system_debugger_on_local.tcl'
23:08:58 INFO  : Disconnected from the channel tcfchan#1.
11:58:10 INFO  : Registering command handlers for SDK TCF services
11:58:11 INFO  : Launching XSCT server: xsct.bat -interactive C:\proj_sasaoka\Display3D\Display3D.sdk\temp_xsdb_launch_script.tcl
11:58:16 INFO  : XSCT server has started successfully.
11:58:16 INFO  : Successfully done setting XSCT server connection channel  
11:58:20 INFO  : Processing command line option -hwspec C:/proj_sasaoka/Display3D/Display3D.sdk/FPGA_TOP.hdf.
11:58:20 INFO  : Successfully done setting SDK workspace  
11:58:20 INFO  : Checking for hwspec changes in the project FPGA_TOP_hw_platform_0.
11:58:23 INFO  : SDK has detected change in the last modified timestamps for source hardware specification file Source:1605581780862,  Project:1605535549893
11:58:23 INFO  : The hardware specification for project 'FPGA_TOP_hw_platform_0' is different from C:/proj_sasaoka/Display3D/Display3D.sdk/FPGA_TOP.hdf.
11:58:23 INFO  : Copied contents of C:/proj_sasaoka/Display3D/Display3D.sdk/FPGA_TOP.hdf into \FPGA_TOP_hw_platform_0\system.hdf.
11:58:23 INFO  : Synchronizing projects in the workspace with the hardware platform specification changes.
11:58:31 INFO  : 
11:58:32 INFO  : Updating hardware inferred compiler options for DISP3D.
11:58:32 INFO  : Clearing existing target manager status.
13:46:52 INFO  : Registering command handlers for SDK TCF services
13:46:53 INFO  : Launching XSCT server: xsct.bat -interactive C:\proj_sasaoka\Display3D\Display3D.sdk\temp_xsdb_launch_script.tcl
13:46:56 INFO  : XSCT server has started successfully.
13:46:56 INFO  : Successfully done setting XSCT server connection channel  
13:46:56 INFO  : Processing command line option -hwspec C:/proj_sasaoka/Display3D/Display3D.sdk/FPGA_TOP.hdf.
13:46:56 INFO  : Successfully done setting SDK workspace  
13:46:56 INFO  : Checking for hwspec changes in the project FPGA_TOP_hw_platform_0.
13:46:58 INFO  : SDK has detected change in the last modified timestamps for source hardware specification file Source:1605588279175,  Project:1605581780862
13:46:58 INFO  : The hardware specification for project 'FPGA_TOP_hw_platform_0' is different from C:/proj_sasaoka/Display3D/Display3D.sdk/FPGA_TOP.hdf.
13:46:58 INFO  : Copied contents of C:/proj_sasaoka/Display3D/Display3D.sdk/FPGA_TOP.hdf into \FPGA_TOP_hw_platform_0\system.hdf.
13:46:58 INFO  : Synchronizing projects in the workspace with the hardware platform specification changes.
13:47:02 INFO  : 
13:47:03 INFO  : Updating hardware inferred compiler options for DISP3D.
13:47:03 INFO  : Clearing existing target manager status.
13:47:49 INFO  : Connected to target on host '127.0.0.1' and port '3121'.
13:47:50 INFO  : Jtag cable 'Digilent Cmod A7 - 35T 210328A6D9E7A' is selected.
13:47:50 INFO  : 'jtag frequency' command is executed.
13:47:50 INFO  : 'targets -set -filter {jtag_cable_name =~ "Digilent Cmod A7 - 35T 210328A6D9E7A" && level==0} -index 0' command is executed.
13:47:51 INFO  : FPGA configured successfully with bitstream "C:/proj_sasaoka/Display3D/Display3D.sdk/FPGA_TOP_hw_platform_0/FPGA_TOP.bit"
13:47:51 INFO  : 'configparams mdm-detect-bscan-mask 2' command is executed.
13:47:51 INFO  : Context for processor 'mbcore' is selected.
13:47:51 INFO  : Processor reset is completed for 'mbcore'.
13:47:52 INFO  : Context for processor 'mbcore' is selected.
13:47:52 INFO  : The application 'C:/proj_sasaoka/Display3D/Display3D.sdk/DISP3D/Debug/DISP3D.elf' is downloaded to processor 'mbcore'.
13:47:52 INFO  : ----------------XSDB Script----------------
connect -url tcp:127.0.0.1:3121
targets -set -filter {jtag_cable_name =~ "Digilent Cmod A7 - 35T 210328A6D9E7A" && level==0} -index 0
fpga -file C:/proj_sasaoka/Display3D/Display3D.sdk/FPGA_TOP_hw_platform_0/FPGA_TOP.bit
configparams mdm-detect-bscan-mask 2
targets -set -nocase -filter {name =~ "microblaze*#0" && bscan=="USER2"  && jtag_cable_name =~ "Digilent Cmod A7 - 35T 210328A6D9E7A"} -index 0
rst -processor
targets -set -nocase -filter {name =~ "microblaze*#0" && bscan=="USER2"  && jtag_cable_name =~ "Digilent Cmod A7 - 35T 210328A6D9E7A"} -index 0
dow C:/proj_sasaoka/Display3D/Display3D.sdk/DISP3D/Debug/DISP3D.elf
----------------End of Script----------------

13:47:52 INFO  : Memory regions updated for context PA
13:47:52 INFO  : Memory regions updated for context MicroBlaze Debug Module at USER2
13:47:52 INFO  : Launch script is exported to file 'C:\proj_sasaoka\Display3D\Display3D.sdk\.sdk\launch_scripts\xilinx_c-c++_application_(system_debugger)\system_debugger_on_local.tcl'
13:48:36 INFO  : Disconnected from the channel tcfchan#1.
13:48:37 INFO  : Connected to target on host '127.0.0.1' and port '3121'.
13:48:38 INFO  : Jtag cable 'Digilent Cmod A7 - 35T 210328A6D9E7A' is selected.
13:48:38 INFO  : 'jtag frequency' command is executed.
13:48:38 INFO  : 'targets -set -filter {jtag_cable_name =~ "Digilent Cmod A7 - 35T 210328A6D9E7A" && level==0} -index 0' command is executed.
13:48:39 INFO  : FPGA configured successfully with bitstream "C:/proj_sasaoka/Display3D/Display3D.sdk/FPGA_TOP_hw_platform_0/FPGA_TOP.bit"
13:48:39 INFO  : 'configparams mdm-detect-bscan-mask 2' command is executed.
13:48:39 INFO  : Context for processor 'mbcore' is selected.
13:48:39 INFO  : Processor reset is completed for 'mbcore'.
13:48:39 INFO  : Context for processor 'mbcore' is selected.
13:48:39 INFO  : The application 'C:/proj_sasaoka/Display3D/Display3D.sdk/DISP3D/Debug/DISP3D.elf' is downloaded to processor 'mbcore'.
13:48:39 INFO  : ----------------XSDB Script----------------
connect -url tcp:127.0.0.1:3121
targets -set -filter {jtag_cable_name =~ "Digilent Cmod A7 - 35T 210328A6D9E7A" && level==0} -index 0
fpga -file C:/proj_sasaoka/Display3D/Display3D.sdk/FPGA_TOP_hw_platform_0/FPGA_TOP.bit
configparams mdm-detect-bscan-mask 2
targets -set -nocase -filter {name =~ "microblaze*#0" && bscan=="USER2"  && jtag_cable_name =~ "Digilent Cmod A7 - 35T 210328A6D9E7A"} -index 0
rst -processor
targets -set -nocase -filter {name =~ "microblaze*#0" && bscan=="USER2"  && jtag_cable_name =~ "Digilent Cmod A7 - 35T 210328A6D9E7A"} -index 0
dow C:/proj_sasaoka/Display3D/Display3D.sdk/DISP3D/Debug/DISP3D.elf
----------------End of Script----------------

13:48:39 INFO  : Memory regions updated for context PA
13:48:39 INFO  : Memory regions updated for context MicroBlaze Debug Module at USER2
13:48:39 INFO  : Context for processor 'mbcore' is selected.
13:48:40 INFO  : 'con' command is executed.
13:48:40 INFO  : ----------------XSDB Script (After Launch)----------------
targets -set -nocase -filter {name =~ "microblaze*#0" && bscan=="USER2"  && jtag_cable_name =~ "Digilent Cmod A7 - 35T 210328A6D9E7A"} -index 0
con
----------------End of Script----------------

13:48:40 INFO  : Launch script is exported to file 'C:\proj_sasaoka\Display3D\Display3D.sdk\.sdk\launch_scripts\xilinx_c-c++_application_(system_debugger)\system_debugger_on_local.tcl'
13:48:57 INFO  : Disconnected from the channel tcfchan#2.
13:51:17 INFO  : Connected to target on host '127.0.0.1' and port '3121'.
13:51:17 INFO  : Jtag cable 'Digilent Cmod A7 - 35T 210328A6D9E7A' is selected.
13:51:17 INFO  : 'jtag frequency' command is executed.
13:51:18 INFO  : 'targets -set -filter {jtag_cable_name =~ "Digilent Cmod A7 - 35T 210328A6D9E7A" && level==0} -index 0' command is executed.
13:51:19 INFO  : FPGA configured successfully with bitstream "C:/proj_sasaoka/Display3D/Display3D.sdk/FPGA_TOP_hw_platform_0/FPGA_TOP.bit"
13:51:19 INFO  : 'configparams mdm-detect-bscan-mask 2' command is executed.
13:51:19 INFO  : Context for processor 'mbcore' is selected.
13:51:19 INFO  : Processor reset is completed for 'mbcore'.
13:51:19 INFO  : Context for processor 'mbcore' is selected.
13:51:19 INFO  : The application 'C:/proj_sasaoka/Display3D/Display3D.sdk/DISP3D/Debug/DISP3D.elf' is downloaded to processor 'mbcore'.
13:51:19 INFO  : ----------------XSDB Script----------------
connect -url tcp:127.0.0.1:3121
targets -set -filter {jtag_cable_name =~ "Digilent Cmod A7 - 35T 210328A6D9E7A" && level==0} -index 0
fpga -file C:/proj_sasaoka/Display3D/Display3D.sdk/FPGA_TOP_hw_platform_0/FPGA_TOP.bit
configparams mdm-detect-bscan-mask 2
targets -set -nocase -filter {name =~ "microblaze*#0" && bscan=="USER2"  && jtag_cable_name =~ "Digilent Cmod A7 - 35T 210328A6D9E7A"} -index 0
rst -processor
targets -set -nocase -filter {name =~ "microblaze*#0" && bscan=="USER2"  && jtag_cable_name =~ "Digilent Cmod A7 - 35T 210328A6D9E7A"} -index 0
dow C:/proj_sasaoka/Display3D/Display3D.sdk/DISP3D/Debug/DISP3D.elf
----------------End of Script----------------

13:51:19 INFO  : Memory regions updated for context PA
13:51:19 INFO  : Memory regions updated for context MicroBlaze Debug Module at USER2
13:51:19 INFO  : Context for processor 'mbcore' is selected.
13:51:19 INFO  : 'con' command is executed.
13:51:19 INFO  : ----------------XSDB Script (After Launch)----------------
targets -set -nocase -filter {name =~ "microblaze*#0" && bscan=="USER2"  && jtag_cable_name =~ "Digilent Cmod A7 - 35T 210328A6D9E7A"} -index 0
con
----------------End of Script----------------

13:51:19 INFO  : Launch script is exported to file 'C:\proj_sasaoka\Display3D\Display3D.sdk\.sdk\launch_scripts\xilinx_c-c++_application_(system_debugger)\system_debugger_on_local.tcl'
13:51:43 INFO  : Disconnected from the channel tcfchan#3.
13:51:46 INFO  : Connected to target on host '127.0.0.1' and port '3121'.
13:51:46 INFO  : Jtag cable 'Digilent Cmod A7 - 35T 210328A6D9E7A' is selected.
13:51:46 INFO  : 'jtag frequency' command is executed.
13:51:47 INFO  : 'targets -set -filter {jtag_cable_name =~ "Digilent Cmod A7 - 35T 210328A6D9E7A" && level==0} -index 0' command is executed.
13:51:48 INFO  : FPGA configured successfully with bitstream "C:/proj_sasaoka/Display3D/Display3D.sdk/FPGA_TOP_hw_platform_0/FPGA_TOP.bit"
13:51:48 INFO  : 'configparams mdm-detect-bscan-mask 2' command is executed.
13:51:48 INFO  : Context for processor 'mbcore' is selected.
13:51:48 INFO  : Processor reset is completed for 'mbcore'.
13:51:48 INFO  : Context for processor 'mbcore' is selected.
13:51:48 INFO  : The application 'C:/proj_sasaoka/Display3D/Display3D.sdk/DISP3D/Debug/DISP3D.elf' is downloaded to processor 'mbcore'.
13:51:48 INFO  : ----------------XSDB Script----------------
connect -url tcp:127.0.0.1:3121
targets -set -filter {jtag_cable_name =~ "Digilent Cmod A7 - 35T 210328A6D9E7A" && level==0} -index 0
fpga -file C:/proj_sasaoka/Display3D/Display3D.sdk/FPGA_TOP_hw_platform_0/FPGA_TOP.bit
configparams mdm-detect-bscan-mask 2
targets -set -nocase -filter {name =~ "microblaze*#0" && bscan=="USER2"  && jtag_cable_name =~ "Digilent Cmod A7 - 35T 210328A6D9E7A"} -index 0
rst -processor
targets -set -nocase -filter {name =~ "microblaze*#0" && bscan=="USER2"  && jtag_cable_name =~ "Digilent Cmod A7 - 35T 210328A6D9E7A"} -index 0
dow C:/proj_sasaoka/Display3D/Display3D.sdk/DISP3D/Debug/DISP3D.elf
----------------End of Script----------------

13:51:48 INFO  : Memory regions updated for context PA
13:51:48 INFO  : Memory regions updated for context MicroBlaze Debug Module at USER2
13:51:48 INFO  : Context for processor 'mbcore' is selected.
13:51:48 INFO  : 'con' command is executed.
13:51:48 INFO  : ----------------XSDB Script (After Launch)----------------
targets -set -nocase -filter {name =~ "microblaze*#0" && bscan=="USER2"  && jtag_cable_name =~ "Digilent Cmod A7 - 35T 210328A6D9E7A"} -index 0
con
----------------End of Script----------------

13:51:48 INFO  : Launch script is exported to file 'C:\proj_sasaoka\Display3D\Display3D.sdk\.sdk\launch_scripts\xilinx_c-c++_application_(system_debugger)\system_debugger_on_local.tcl'
13:51:57 INFO  : Disconnected from the channel tcfchan#4.
13:57:57 INFO  : Connected to target on host '127.0.0.1' and port '3121'.
13:57:57 INFO  : Jtag cable 'Digilent Cmod A7 - 35T 210328A6D9E7A' is selected.
13:57:58 INFO  : 'jtag frequency' command is executed.
13:57:58 INFO  : 'targets -set -filter {jtag_cable_name =~ "Digilent Cmod A7 - 35T 210328A6D9E7A" && level==0} -index 0' command is executed.
13:57:59 INFO  : FPGA configured successfully with bitstream "C:/proj_sasaoka/Display3D/Display3D.sdk/FPGA_TOP_hw_platform_0/FPGA_TOP.bit"
13:57:59 INFO  : 'configparams mdm-detect-bscan-mask 2' command is executed.
13:57:59 INFO  : Context for processor 'mbcore' is selected.
13:57:59 INFO  : Processor reset is completed for 'mbcore'.
13:57:59 INFO  : Context for processor 'mbcore' is selected.
13:57:59 INFO  : The application 'C:/proj_sasaoka/Display3D/Display3D.sdk/DISP3D/Debug/DISP3D.elf' is downloaded to processor 'mbcore'.
13:57:59 INFO  : ----------------XSDB Script----------------
connect -url tcp:127.0.0.1:3121
targets -set -filter {jtag_cable_name =~ "Digilent Cmod A7 - 35T 210328A6D9E7A" && level==0} -index 0
fpga -file C:/proj_sasaoka/Display3D/Display3D.sdk/FPGA_TOP_hw_platform_0/FPGA_TOP.bit
configparams mdm-detect-bscan-mask 2
targets -set -nocase -filter {name =~ "microblaze*#0" && bscan=="USER2"  && jtag_cable_name =~ "Digilent Cmod A7 - 35T 210328A6D9E7A"} -index 0
rst -processor
targets -set -nocase -filter {name =~ "microblaze*#0" && bscan=="USER2"  && jtag_cable_name =~ "Digilent Cmod A7 - 35T 210328A6D9E7A"} -index 0
dow C:/proj_sasaoka/Display3D/Display3D.sdk/DISP3D/Debug/DISP3D.elf
----------------End of Script----------------

13:57:59 INFO  : Memory regions updated for context PA
13:57:59 INFO  : Memory regions updated for context MicroBlaze Debug Module at USER2
13:57:59 INFO  : Context for processor 'mbcore' is selected.
13:57:59 INFO  : 'con' command is executed.
13:57:59 INFO  : ----------------XSDB Script (After Launch)----------------
targets -set -nocase -filter {name =~ "microblaze*#0" && bscan=="USER2"  && jtag_cable_name =~ "Digilent Cmod A7 - 35T 210328A6D9E7A"} -index 0
con
----------------End of Script----------------

13:57:59 INFO  : Launch script is exported to file 'C:\proj_sasaoka\Display3D\Display3D.sdk\.sdk\launch_scripts\xilinx_c-c++_application_(system_debugger)\system_debugger_on_local.tcl'
13:58:17 INFO  : Disconnected from the channel tcfchan#5.
15:30:24 INFO  : Connected to target on host '127.0.0.1' and port '3121'.
15:30:25 INFO  : Jtag cable 'Digilent Cmod A7 - 35T 210328A6D9E7A' is selected.
15:30:25 INFO  : 'jtag frequency' command is executed.
15:30:25 INFO  : 'targets -set -filter {jtag_cable_name =~ "Digilent Cmod A7 - 35T 210328A6D9E7A" && level==0} -index 0' command is executed.
15:30:26 INFO  : FPGA configured successfully with bitstream "C:/proj_sasaoka/Display3D/Display3D.sdk/FPGA_TOP_hw_platform_0/FPGA_TOP.bit"
15:30:26 INFO  : 'configparams mdm-detect-bscan-mask 2' command is executed.
15:30:26 INFO  : Context for processor 'mbcore' is selected.
15:30:26 INFO  : Processor reset is completed for 'mbcore'.
15:30:27 INFO  : Context for processor 'mbcore' is selected.
15:30:27 INFO  : The application 'C:/proj_sasaoka/Display3D/Display3D.sdk/DISP3D/Debug/DISP3D.elf' is downloaded to processor 'mbcore'.
15:30:27 INFO  : ----------------XSDB Script----------------
connect -url tcp:127.0.0.1:3121
targets -set -filter {jtag_cable_name =~ "Digilent Cmod A7 - 35T 210328A6D9E7A" && level==0} -index 0
fpga -file C:/proj_sasaoka/Display3D/Display3D.sdk/FPGA_TOP_hw_platform_0/FPGA_TOP.bit
configparams mdm-detect-bscan-mask 2
targets -set -nocase -filter {name =~ "microblaze*#0" && bscan=="USER2"  && jtag_cable_name =~ "Digilent Cmod A7 - 35T 210328A6D9E7A"} -index 0
rst -processor
targets -set -nocase -filter {name =~ "microblaze*#0" && bscan=="USER2"  && jtag_cable_name =~ "Digilent Cmod A7 - 35T 210328A6D9E7A"} -index 0
dow C:/proj_sasaoka/Display3D/Display3D.sdk/DISP3D/Debug/DISP3D.elf
----------------End of Script----------------

15:30:27 INFO  : Memory regions updated for context PA
15:30:27 INFO  : Memory regions updated for context MicroBlaze Debug Module at USER2
15:30:27 INFO  : Context for processor 'mbcore' is selected.
15:30:27 INFO  : 'con' command is executed.
15:30:27 INFO  : ----------------XSDB Script (After Launch)----------------
targets -set -nocase -filter {name =~ "microblaze*#0" && bscan=="USER2"  && jtag_cable_name =~ "Digilent Cmod A7 - 35T 210328A6D9E7A"} -index 0
con
----------------End of Script----------------

15:30:27 INFO  : Launch script is exported to file 'C:\proj_sasaoka\Display3D\Display3D.sdk\.sdk\launch_scripts\xilinx_c-c++_application_(system_debugger)\system_debugger_on_local.tcl'
15:30:44 INFO  : Disconnected from the channel tcfchan#6.
15:31:08 INFO  : Connected to target on host '127.0.0.1' and port '3121'.
15:31:08 INFO  : Jtag cable 'Digilent Cmod A7 - 35T 210328A6D9E7A' is selected.
15:31:08 INFO  : 'jtag frequency' command is executed.
15:31:08 INFO  : 'targets -set -filter {jtag_cable_name =~ "Digilent Cmod A7 - 35T 210328A6D9E7A" && level==0} -index 0' command is executed.
15:31:10 INFO  : FPGA configured successfully with bitstream "C:/proj_sasaoka/Display3D/Display3D.sdk/FPGA_TOP_hw_platform_0/FPGA_TOP.bit"
15:31:10 INFO  : 'configparams mdm-detect-bscan-mask 2' command is executed.
15:31:10 INFO  : Context for processor 'mbcore' is selected.
15:31:10 INFO  : Processor reset is completed for 'mbcore'.
15:31:10 INFO  : Context for processor 'mbcore' is selected.
15:31:10 INFO  : The application 'C:/proj_sasaoka/Display3D/Display3D.sdk/DISP3D/Debug/DISP3D.elf' is downloaded to processor 'mbcore'.
15:31:10 INFO  : ----------------XSDB Script----------------
connect -url tcp:127.0.0.1:3121
targets -set -filter {jtag_cable_name =~ "Digilent Cmod A7 - 35T 210328A6D9E7A" && level==0} -index 0
fpga -file C:/proj_sasaoka/Display3D/Display3D.sdk/FPGA_TOP_hw_platform_0/FPGA_TOP.bit
configparams mdm-detect-bscan-mask 2
targets -set -nocase -filter {name =~ "microblaze*#0" && bscan=="USER2"  && jtag_cable_name =~ "Digilent Cmod A7 - 35T 210328A6D9E7A"} -index 0
rst -processor
targets -set -nocase -filter {name =~ "microblaze*#0" && bscan=="USER2"  && jtag_cable_name =~ "Digilent Cmod A7 - 35T 210328A6D9E7A"} -index 0
dow C:/proj_sasaoka/Display3D/Display3D.sdk/DISP3D/Debug/DISP3D.elf
----------------End of Script----------------

15:31:10 INFO  : Memory regions updated for context PA
15:31:10 INFO  : Memory regions updated for context MicroBlaze Debug Module at USER2
15:31:10 INFO  : Context for processor 'mbcore' is selected.
15:31:10 INFO  : 'con' command is executed.
15:31:10 INFO  : ----------------XSDB Script (After Launch)----------------
targets -set -nocase -filter {name =~ "microblaze*#0" && bscan=="USER2"  && jtag_cable_name =~ "Digilent Cmod A7 - 35T 210328A6D9E7A"} -index 0
con
----------------End of Script----------------

15:31:10 INFO  : Launch script is exported to file 'C:\proj_sasaoka\Display3D\Display3D.sdk\.sdk\launch_scripts\xilinx_c-c++_application_(system_debugger)\system_debugger_on_local.tcl'
15:31:34 INFO  : Disconnected from the channel tcfchan#7.
15:36:46 INFO  : Connected to target on host '127.0.0.1' and port '3121'.
15:36:47 INFO  : Jtag cable 'Digilent Cmod A7 - 35T 210328A6D9E7A' is selected.
15:36:47 INFO  : 'jtag frequency' command is executed.
15:36:47 INFO  : 'targets -set -filter {jtag_cable_name =~ "Digilent Cmod A7 - 35T 210328A6D9E7A" && level==0} -index 0' command is executed.
15:36:48 INFO  : FPGA configured successfully with bitstream "C:/proj_sasaoka/Display3D/Display3D.sdk/FPGA_TOP_hw_platform_0/FPGA_TOP.bit"
15:36:48 INFO  : 'configparams mdm-detect-bscan-mask 2' command is executed.
15:36:48 INFO  : Context for processor 'mbcore' is selected.
15:36:48 INFO  : Processor reset is completed for 'mbcore'.
15:36:48 INFO  : Context for processor 'mbcore' is selected.
15:36:48 INFO  : The application 'C:/proj_sasaoka/Display3D/Display3D.sdk/DISP3D/Debug/DISP3D.elf' is downloaded to processor 'mbcore'.
15:36:48 INFO  : ----------------XSDB Script----------------
connect -url tcp:127.0.0.1:3121
targets -set -filter {jtag_cable_name =~ "Digilent Cmod A7 - 35T 210328A6D9E7A" && level==0} -index 0
fpga -file C:/proj_sasaoka/Display3D/Display3D.sdk/FPGA_TOP_hw_platform_0/FPGA_TOP.bit
configparams mdm-detect-bscan-mask 2
targets -set -nocase -filter {name =~ "microblaze*#0" && bscan=="USER2"  && jtag_cable_name =~ "Digilent Cmod A7 - 35T 210328A6D9E7A"} -index 0
rst -processor
targets -set -nocase -filter {name =~ "microblaze*#0" && bscan=="USER2"  && jtag_cable_name =~ "Digilent Cmod A7 - 35T 210328A6D9E7A"} -index 0
dow C:/proj_sasaoka/Display3D/Display3D.sdk/DISP3D/Debug/DISP3D.elf
----------------End of Script----------------

15:36:48 INFO  : Memory regions updated for context PA
15:36:48 INFO  : Memory regions updated for context MicroBlaze Debug Module at USER2
15:36:48 INFO  : Context for processor 'mbcore' is selected.
15:36:48 INFO  : 'con' command is executed.
15:36:48 INFO  : ----------------XSDB Script (After Launch)----------------
targets -set -nocase -filter {name =~ "microblaze*#0" && bscan=="USER2"  && jtag_cable_name =~ "Digilent Cmod A7 - 35T 210328A6D9E7A"} -index 0
con
----------------End of Script----------------

15:36:48 INFO  : Launch script is exported to file 'C:\proj_sasaoka\Display3D\Display3D.sdk\.sdk\launch_scripts\xilinx_c-c++_application_(system_debugger)\system_debugger_on_local.tcl'
15:41:49 INFO  : Disconnected from the channel tcfchan#8.
15:42:02 INFO  : Connected to target on host '127.0.0.1' and port '3121'.
15:42:02 INFO  : Jtag cable 'Digilent Cmod A7 - 35T 210328A6D9E7A' is selected.
15:42:02 INFO  : 'jtag frequency' command is executed.
15:42:02 INFO  : 'targets -set -filter {jtag_cable_name =~ "Digilent Cmod A7 - 35T 210328A6D9E7A" && level==0} -index 0' command is executed.
15:42:04 INFO  : FPGA configured successfully with bitstream "C:/proj_sasaoka/Display3D/Display3D.sdk/FPGA_TOP_hw_platform_0/FPGA_TOP.bit"
15:42:04 INFO  : 'configparams mdm-detect-bscan-mask 2' command is executed.
15:42:04 INFO  : Context for processor 'mbcore' is selected.
15:42:04 INFO  : Processor reset is completed for 'mbcore'.
15:42:04 INFO  : Context for processor 'mbcore' is selected.
15:42:04 INFO  : The application 'C:/proj_sasaoka/Display3D/Display3D.sdk/DISP3D/Debug/DISP3D.elf' is downloaded to processor 'mbcore'.
15:42:04 INFO  : ----------------XSDB Script----------------
connect -url tcp:127.0.0.1:3121
targets -set -filter {jtag_cable_name =~ "Digilent Cmod A7 - 35T 210328A6D9E7A" && level==0} -index 0
fpga -file C:/proj_sasaoka/Display3D/Display3D.sdk/FPGA_TOP_hw_platform_0/FPGA_TOP.bit
configparams mdm-detect-bscan-mask 2
targets -set -nocase -filter {name =~ "microblaze*#0" && bscan=="USER2"  && jtag_cable_name =~ "Digilent Cmod A7 - 35T 210328A6D9E7A"} -index 0
rst -processor
targets -set -nocase -filter {name =~ "microblaze*#0" && bscan=="USER2"  && jtag_cable_name =~ "Digilent Cmod A7 - 35T 210328A6D9E7A"} -index 0
dow C:/proj_sasaoka/Display3D/Display3D.sdk/DISP3D/Debug/DISP3D.elf
----------------End of Script----------------

15:42:04 INFO  : Memory regions updated for context PA
15:42:04 INFO  : Memory regions updated for context MicroBlaze Debug Module at USER2
15:42:04 INFO  : Context for processor 'mbcore' is selected.
15:42:04 INFO  : 'con' command is executed.
15:42:04 INFO  : ----------------XSDB Script (After Launch)----------------
targets -set -nocase -filter {name =~ "microblaze*#0" && bscan=="USER2"  && jtag_cable_name =~ "Digilent Cmod A7 - 35T 210328A6D9E7A"} -index 0
con
----------------End of Script----------------

15:42:04 INFO  : Launch script is exported to file 'C:\proj_sasaoka\Display3D\Display3D.sdk\.sdk\launch_scripts\xilinx_c-c++_application_(system_debugger)\system_debugger_on_local.tcl'
15:42:16 INFO  : Disconnected from the channel tcfchan#9.
15:42:17 INFO  : Connected to target on host '127.0.0.1' and port '3121'.
15:42:17 INFO  : Jtag cable 'Digilent Cmod A7 - 35T 210328A6D9E7A' is selected.
15:42:17 INFO  : 'jtag frequency' command is executed.
15:42:17 INFO  : 'targets -set -filter {jtag_cable_name =~ "Digilent Cmod A7 - 35T 210328A6D9E7A" && level==0} -index 0' command is executed.
15:42:18 INFO  : FPGA configured successfully with bitstream "C:/proj_sasaoka/Display3D/Display3D.sdk/FPGA_TOP_hw_platform_0/FPGA_TOP.bit"
15:42:18 INFO  : 'configparams mdm-detect-bscan-mask 2' command is executed.
15:42:18 INFO  : Context for processor 'mbcore' is selected.
15:42:18 INFO  : Processor reset is completed for 'mbcore'.
15:42:18 INFO  : Context for processor 'mbcore' is selected.
15:42:18 INFO  : The application 'C:/proj_sasaoka/Display3D/Display3D.sdk/DISP3D/Debug/DISP3D.elf' is downloaded to processor 'mbcore'.
15:42:18 INFO  : ----------------XSDB Script----------------
connect -url tcp:127.0.0.1:3121
targets -set -filter {jtag_cable_name =~ "Digilent Cmod A7 - 35T 210328A6D9E7A" && level==0} -index 0
fpga -file C:/proj_sasaoka/Display3D/Display3D.sdk/FPGA_TOP_hw_platform_0/FPGA_TOP.bit
configparams mdm-detect-bscan-mask 2
targets -set -nocase -filter {name =~ "microblaze*#0" && bscan=="USER2"  && jtag_cable_name =~ "Digilent Cmod A7 - 35T 210328A6D9E7A"} -index 0
rst -processor
targets -set -nocase -filter {name =~ "microblaze*#0" && bscan=="USER2"  && jtag_cable_name =~ "Digilent Cmod A7 - 35T 210328A6D9E7A"} -index 0
dow C:/proj_sasaoka/Display3D/Display3D.sdk/DISP3D/Debug/DISP3D.elf
----------------End of Script----------------

15:42:19 INFO  : Memory regions updated for context PA
15:42:19 INFO  : Memory regions updated for context MicroBlaze Debug Module at USER2
15:42:19 INFO  : Context for processor 'mbcore' is selected.
15:42:19 INFO  : 'con' command is executed.
15:42:19 INFO  : ----------------XSDB Script (After Launch)----------------
targets -set -nocase -filter {name =~ "microblaze*#0" && bscan=="USER2"  && jtag_cable_name =~ "Digilent Cmod A7 - 35T 210328A6D9E7A"} -index 0
con
----------------End of Script----------------

15:42:19 INFO  : Launch script is exported to file 'C:\proj_sasaoka\Display3D\Display3D.sdk\.sdk\launch_scripts\xilinx_c-c++_application_(system_debugger)\system_debugger_on_local.tcl'
15:43:20 INFO  : Disconnected from the channel tcfchan#10.
15:43:21 INFO  : Connected to target on host '127.0.0.1' and port '3121'.
15:43:21 INFO  : Jtag cable 'Digilent Cmod A7 - 35T 210328A6D9E7A' is selected.
15:43:21 INFO  : 'jtag frequency' command is executed.
15:43:21 INFO  : 'targets -set -filter {jtag_cable_name =~ "Digilent Cmod A7 - 35T 210328A6D9E7A" && level==0} -index 0' command is executed.
15:43:23 INFO  : FPGA configured successfully with bitstream "C:/proj_sasaoka/Display3D/Display3D.sdk/FPGA_TOP_hw_platform_0/FPGA_TOP.bit"
15:43:23 INFO  : 'configparams mdm-detect-bscan-mask 2' command is executed.
15:43:23 INFO  : Context for processor 'mbcore' is selected.
15:43:23 INFO  : Processor reset is completed for 'mbcore'.
15:43:23 INFO  : Context for processor 'mbcore' is selected.
15:43:23 INFO  : The application 'C:/proj_sasaoka/Display3D/Display3D.sdk/DISP3D/Debug/DISP3D.elf' is downloaded to processor 'mbcore'.
15:43:23 INFO  : ----------------XSDB Script----------------
connect -url tcp:127.0.0.1:3121
targets -set -filter {jtag_cable_name =~ "Digilent Cmod A7 - 35T 210328A6D9E7A" && level==0} -index 0
fpga -file C:/proj_sasaoka/Display3D/Display3D.sdk/FPGA_TOP_hw_platform_0/FPGA_TOP.bit
configparams mdm-detect-bscan-mask 2
targets -set -nocase -filter {name =~ "microblaze*#0" && bscan=="USER2"  && jtag_cable_name =~ "Digilent Cmod A7 - 35T 210328A6D9E7A"} -index 0
rst -processor
targets -set -nocase -filter {name =~ "microblaze*#0" && bscan=="USER2"  && jtag_cable_name =~ "Digilent Cmod A7 - 35T 210328A6D9E7A"} -index 0
dow C:/proj_sasaoka/Display3D/Display3D.sdk/DISP3D/Debug/DISP3D.elf
----------------End of Script----------------

15:43:23 INFO  : Memory regions updated for context PA
15:43:23 INFO  : Memory regions updated for context MicroBlaze Debug Module at USER2
15:43:23 INFO  : Context for processor 'mbcore' is selected.
15:43:23 INFO  : 'con' command is executed.
15:43:23 INFO  : ----------------XSDB Script (After Launch)----------------
targets -set -nocase -filter {name =~ "microblaze*#0" && bscan=="USER2"  && jtag_cable_name =~ "Digilent Cmod A7 - 35T 210328A6D9E7A"} -index 0
con
----------------End of Script----------------

15:43:23 INFO  : Launch script is exported to file 'C:\proj_sasaoka\Display3D\Display3D.sdk\.sdk\launch_scripts\xilinx_c-c++_application_(system_debugger)\system_debugger_on_local.tcl'
15:43:43 INFO  : Disconnected from the channel tcfchan#11.
15:43:44 INFO  : Connected to target on host '127.0.0.1' and port '3121'.
15:43:44 INFO  : Jtag cable 'Digilent Cmod A7 - 35T 210328A6D9E7A' is selected.
15:43:44 INFO  : 'jtag frequency' command is executed.
15:43:44 INFO  : 'targets -set -filter {jtag_cable_name =~ "Digilent Cmod A7 - 35T 210328A6D9E7A" && level==0} -index 0' command is executed.
15:43:45 INFO  : FPGA configured successfully with bitstream "C:/proj_sasaoka/Display3D/Display3D.sdk/FPGA_TOP_hw_platform_0/FPGA_TOP.bit"
15:43:45 INFO  : 'configparams mdm-detect-bscan-mask 2' command is executed.
15:43:45 INFO  : Context for processor 'mbcore' is selected.
15:43:45 INFO  : Processor reset is completed for 'mbcore'.
15:43:45 INFO  : Context for processor 'mbcore' is selected.
15:43:45 INFO  : The application 'C:/proj_sasaoka/Display3D/Display3D.sdk/DISP3D/Debug/DISP3D.elf' is downloaded to processor 'mbcore'.
15:43:45 INFO  : ----------------XSDB Script----------------
connect -url tcp:127.0.0.1:3121
targets -set -filter {jtag_cable_name =~ "Digilent Cmod A7 - 35T 210328A6D9E7A" && level==0} -index 0
fpga -file C:/proj_sasaoka/Display3D/Display3D.sdk/FPGA_TOP_hw_platform_0/FPGA_TOP.bit
configparams mdm-detect-bscan-mask 2
targets -set -nocase -filter {name =~ "microblaze*#0" && bscan=="USER2"  && jtag_cable_name =~ "Digilent Cmod A7 - 35T 210328A6D9E7A"} -index 0
rst -processor
targets -set -nocase -filter {name =~ "microblaze*#0" && bscan=="USER2"  && jtag_cable_name =~ "Digilent Cmod A7 - 35T 210328A6D9E7A"} -index 0
dow C:/proj_sasaoka/Display3D/Display3D.sdk/DISP3D/Debug/DISP3D.elf
----------------End of Script----------------

15:43:46 INFO  : Memory regions updated for context PA
15:43:46 INFO  : Memory regions updated for context MicroBlaze Debug Module at USER2
15:43:46 INFO  : Context for processor 'mbcore' is selected.
15:43:46 INFO  : 'con' command is executed.
15:43:46 INFO  : ----------------XSDB Script (After Launch)----------------
targets -set -nocase -filter {name =~ "microblaze*#0" && bscan=="USER2"  && jtag_cable_name =~ "Digilent Cmod A7 - 35T 210328A6D9E7A"} -index 0
con
----------------End of Script----------------

15:43:46 INFO  : Launch script is exported to file 'C:\proj_sasaoka\Display3D\Display3D.sdk\.sdk\launch_scripts\xilinx_c-c++_application_(system_debugger)\system_debugger_on_local.tcl'
15:46:26 INFO  : Disconnected from the channel tcfchan#12.
16:01:00 INFO  : Registering command handlers for SDK TCF services
16:01:00 INFO  : Launching XSCT server: xsct.bat -interactive C:\proj_sasaoka\Display3D\Display3D.sdk\temp_xsdb_launch_script.tcl
16:01:03 INFO  : XSCT server has started successfully.
16:01:03 INFO  : Successfully done setting XSCT server connection channel  
16:01:04 INFO  : Successfully done setting SDK workspace  
16:01:04 INFO  : Processing command line option -hwspec C:/proj_sasaoka/Display3D/Display3D.sdk/FPGA_TOP.hdf.
16:01:06 INFO  : Checking for hwspec changes in the project FPGA_TOP_hw_platform_0.
16:01:06 INFO  : SDK has detected change in the last modified timestamps for source hardware specification file Source:1605596429436,  Project:1605588279175
16:01:06 INFO  : The hardware specification for project 'FPGA_TOP_hw_platform_0' is different from C:/proj_sasaoka/Display3D/Display3D.sdk/FPGA_TOP.hdf.
16:01:06 INFO  : Copied contents of C:/proj_sasaoka/Display3D/Display3D.sdk/FPGA_TOP.hdf into \FPGA_TOP_hw_platform_0\system.hdf.
16:01:06 INFO  : Synchronizing projects in the workspace with the hardware platform specification changes.
16:01:09 INFO  : 
16:01:11 INFO  : Updating hardware inferred compiler options for DISP3D.
16:01:11 INFO  : Clearing existing target manager status.
16:01:11 INFO  : Closing and re-opening the MSS file of ther project DISP3D_bsp
16:01:56 INFO  : Example project DISP3D_bsp_xgpio_example_1 has been created successfully.
16:01:57 INFO  : Example project DISP3D_bsp_xgpio_intr_tapp_example_1 has been created successfully.
16:24:51 INFO  : Connected to target on host '127.0.0.1' and port '3121'.
16:24:51 INFO  : Jtag cable 'Digilent Cmod A7 - 35T 210328A6D9E7A' is selected.
16:24:51 INFO  : 'jtag frequency' command is executed.
16:24:51 INFO  : 'targets -set -filter {jtag_cable_name =~ "Digilent Cmod A7 - 35T 210328A6D9E7A" && level==0} -index 0' command is executed.
16:24:53 INFO  : FPGA configured successfully with bitstream "C:/proj_sasaoka/Display3D/Display3D.sdk/FPGA_TOP_hw_platform_0/FPGA_TOP.bit"
16:24:53 INFO  : 'configparams mdm-detect-bscan-mask 2' command is executed.
16:24:53 INFO  : Context for processor 'mbcore' is selected.
16:24:53 INFO  : Processor reset is completed for 'mbcore'.
16:24:53 INFO  : Context for processor 'mbcore' is selected.
16:24:53 INFO  : The application 'C:/proj_sasaoka/Display3D/Display3D.sdk/DISP3D/Debug/DISP3D.elf' is downloaded to processor 'mbcore'.
16:24:53 INFO  : ----------------XSDB Script----------------
connect -url tcp:127.0.0.1:3121
targets -set -filter {jtag_cable_name =~ "Digilent Cmod A7 - 35T 210328A6D9E7A" && level==0} -index 0
fpga -file C:/proj_sasaoka/Display3D/Display3D.sdk/FPGA_TOP_hw_platform_0/FPGA_TOP.bit
configparams mdm-detect-bscan-mask 2
targets -set -nocase -filter {name =~ "microblaze*#0" && bscan=="USER2"  && jtag_cable_name =~ "Digilent Cmod A7 - 35T 210328A6D9E7A"} -index 0
rst -processor
targets -set -nocase -filter {name =~ "microblaze*#0" && bscan=="USER2"  && jtag_cable_name =~ "Digilent Cmod A7 - 35T 210328A6D9E7A"} -index 0
dow C:/proj_sasaoka/Display3D/Display3D.sdk/DISP3D/Debug/DISP3D.elf
----------------End of Script----------------

16:24:53 INFO  : Memory regions updated for context PA
16:24:53 INFO  : Memory regions updated for context MicroBlaze Debug Module at USER2
16:24:53 INFO  : Context for processor 'mbcore' is selected.
16:24:53 INFO  : 'con' command is executed.
16:24:53 INFO  : ----------------XSDB Script (After Launch)----------------
targets -set -nocase -filter {name =~ "microblaze*#0" && bscan=="USER2"  && jtag_cable_name =~ "Digilent Cmod A7 - 35T 210328A6D9E7A"} -index 0
con
----------------End of Script----------------

16:24:53 INFO  : Launch script is exported to file 'C:\proj_sasaoka\Display3D\Display3D.sdk\.sdk\launch_scripts\xilinx_c-c++_application_(system_debugger)\system_debugger_on_local.tcl'
16:25:41 INFO  : Disconnected from the channel tcfchan#1.
16:27:47 INFO  : Connected to target on host '127.0.0.1' and port '3121'.
16:27:47 INFO  : Jtag cable 'Digilent Cmod A7 - 35T 210328A6D9E7A' is selected.
16:27:47 INFO  : 'jtag frequency' command is executed.
16:27:48 INFO  : 'targets -set -filter {jtag_cable_name =~ "Digilent Cmod A7 - 35T 210328A6D9E7A" && level==0} -index 0' command is executed.
16:27:49 INFO  : FPGA configured successfully with bitstream "C:/proj_sasaoka/Display3D/Display3D.sdk/FPGA_TOP_hw_platform_0/FPGA_TOP.bit"
16:27:49 INFO  : 'configparams mdm-detect-bscan-mask 2' command is executed.
16:27:49 INFO  : Context for processor 'mbcore' is selected.
16:27:49 INFO  : Processor reset is completed for 'mbcore'.
16:27:49 INFO  : Context for processor 'mbcore' is selected.
16:27:49 INFO  : The application 'C:/proj_sasaoka/Display3D/Display3D.sdk/DISP3D/Debug/DISP3D.elf' is downloaded to processor 'mbcore'.
16:27:49 INFO  : ----------------XSDB Script----------------
connect -url tcp:127.0.0.1:3121
targets -set -filter {jtag_cable_name =~ "Digilent Cmod A7 - 35T 210328A6D9E7A" && level==0} -index 0
fpga -file C:/proj_sasaoka/Display3D/Display3D.sdk/FPGA_TOP_hw_platform_0/FPGA_TOP.bit
configparams mdm-detect-bscan-mask 2
targets -set -nocase -filter {name =~ "microblaze*#0" && bscan=="USER2"  && jtag_cable_name =~ "Digilent Cmod A7 - 35T 210328A6D9E7A"} -index 0
rst -processor
targets -set -nocase -filter {name =~ "microblaze*#0" && bscan=="USER2"  && jtag_cable_name =~ "Digilent Cmod A7 - 35T 210328A6D9E7A"} -index 0
dow C:/proj_sasaoka/Display3D/Display3D.sdk/DISP3D/Debug/DISP3D.elf
----------------End of Script----------------

16:27:49 INFO  : Memory regions updated for context PA
16:27:49 INFO  : Memory regions updated for context MicroBlaze Debug Module at USER2
16:27:49 INFO  : Context for processor 'mbcore' is selected.
16:27:49 INFO  : 'con' command is executed.
16:27:49 INFO  : ----------------XSDB Script (After Launch)----------------
targets -set -nocase -filter {name =~ "microblaze*#0" && bscan=="USER2"  && jtag_cable_name =~ "Digilent Cmod A7 - 35T 210328A6D9E7A"} -index 0
con
----------------End of Script----------------

16:27:49 INFO  : Launch script is exported to file 'C:\proj_sasaoka\Display3D\Display3D.sdk\.sdk\launch_scripts\xilinx_c-c++_application_(system_debugger)\system_debugger_on_local.tcl'
16:28:39 INFO  : Disconnected from the channel tcfchan#2.
16:35:17 INFO  : Connected to target on host '127.0.0.1' and port '3121'.
16:35:17 INFO  : Jtag cable 'Digilent Cmod A7 - 35T 210328A6D9E7A' is selected.
16:35:17 INFO  : 'jtag frequency' command is executed.
16:35:17 INFO  : 'targets -set -filter {jtag_cable_name =~ "Digilent Cmod A7 - 35T 210328A6D9E7A" && level==0} -index 0' command is executed.
16:35:19 INFO  : FPGA configured successfully with bitstream "C:/proj_sasaoka/Display3D/Display3D.sdk/FPGA_TOP_hw_platform_0/FPGA_TOP.bit"
16:35:19 INFO  : 'configparams mdm-detect-bscan-mask 2' command is executed.
16:35:19 INFO  : Context for processor 'mbcore' is selected.
16:35:19 INFO  : Processor reset is completed for 'mbcore'.
16:35:19 INFO  : Context for processor 'mbcore' is selected.
16:35:19 INFO  : The application 'C:/proj_sasaoka/Display3D/Display3D.sdk/DISP3D/Debug/DISP3D.elf' is downloaded to processor 'mbcore'.
16:35:19 INFO  : ----------------XSDB Script----------------
connect -url tcp:127.0.0.1:3121
targets -set -filter {jtag_cable_name =~ "Digilent Cmod A7 - 35T 210328A6D9E7A" && level==0} -index 0
fpga -file C:/proj_sasaoka/Display3D/Display3D.sdk/FPGA_TOP_hw_platform_0/FPGA_TOP.bit
configparams mdm-detect-bscan-mask 2
targets -set -nocase -filter {name =~ "microblaze*#0" && bscan=="USER2"  && jtag_cable_name =~ "Digilent Cmod A7 - 35T 210328A6D9E7A"} -index 0
rst -processor
targets -set -nocase -filter {name =~ "microblaze*#0" && bscan=="USER2"  && jtag_cable_name =~ "Digilent Cmod A7 - 35T 210328A6D9E7A"} -index 0
dow C:/proj_sasaoka/Display3D/Display3D.sdk/DISP3D/Debug/DISP3D.elf
----------------End of Script----------------

16:35:19 INFO  : Memory regions updated for context PA
16:35:19 INFO  : Memory regions updated for context MicroBlaze Debug Module at USER2
16:35:19 INFO  : Context for processor 'mbcore' is selected.
16:35:19 INFO  : 'con' command is executed.
16:35:19 INFO  : ----------------XSDB Script (After Launch)----------------
targets -set -nocase -filter {name =~ "microblaze*#0" && bscan=="USER2"  && jtag_cable_name =~ "Digilent Cmod A7 - 35T 210328A6D9E7A"} -index 0
con
----------------End of Script----------------

16:35:19 INFO  : Launch script is exported to file 'C:\proj_sasaoka\Display3D\Display3D.sdk\.sdk\launch_scripts\xilinx_c-c++_application_(system_debugger)\system_debugger_on_local.tcl'
16:35:35 INFO  : Disconnected from the channel tcfchan#3.
16:37:34 INFO  : Connected to target on host '127.0.0.1' and port '3121'.
16:37:35 INFO  : Jtag cable 'Digilent Cmod A7 - 35T 210328A6D9E7A' is selected.
16:37:35 INFO  : 'jtag frequency' command is executed.
16:37:35 INFO  : 'targets -set -filter {jtag_cable_name =~ "Digilent Cmod A7 - 35T 210328A6D9E7A" && level==0} -index 0' command is executed.
16:37:36 INFO  : FPGA configured successfully with bitstream "C:/proj_sasaoka/Display3D/Display3D.sdk/FPGA_TOP_hw_platform_0/FPGA_TOP.bit"
16:37:36 INFO  : 'configparams mdm-detect-bscan-mask 2' command is executed.
16:37:36 INFO  : Context for processor 'mbcore' is selected.
16:37:36 INFO  : Processor reset is completed for 'mbcore'.
16:37:36 INFO  : Context for processor 'mbcore' is selected.
16:37:36 INFO  : The application 'C:/proj_sasaoka/Display3D/Display3D.sdk/DISP3D/Debug/DISP3D.elf' is downloaded to processor 'mbcore'.
16:37:36 INFO  : ----------------XSDB Script----------------
connect -url tcp:127.0.0.1:3121
targets -set -filter {jtag_cable_name =~ "Digilent Cmod A7 - 35T 210328A6D9E7A" && level==0} -index 0
fpga -file C:/proj_sasaoka/Display3D/Display3D.sdk/FPGA_TOP_hw_platform_0/FPGA_TOP.bit
configparams mdm-detect-bscan-mask 2
targets -set -nocase -filter {name =~ "microblaze*#0" && bscan=="USER2"  && jtag_cable_name =~ "Digilent Cmod A7 - 35T 210328A6D9E7A"} -index 0
rst -processor
targets -set -nocase -filter {name =~ "microblaze*#0" && bscan=="USER2"  && jtag_cable_name =~ "Digilent Cmod A7 - 35T 210328A6D9E7A"} -index 0
dow C:/proj_sasaoka/Display3D/Display3D.sdk/DISP3D/Debug/DISP3D.elf
----------------End of Script----------------

16:37:36 INFO  : Memory regions updated for context PA
16:37:36 INFO  : Memory regions updated for context MicroBlaze Debug Module at USER2
16:37:36 INFO  : Context for processor 'mbcore' is selected.
16:37:37 INFO  : 'con' command is executed.
16:37:37 INFO  : ----------------XSDB Script (After Launch)----------------
targets -set -nocase -filter {name =~ "microblaze*#0" && bscan=="USER2"  && jtag_cable_name =~ "Digilent Cmod A7 - 35T 210328A6D9E7A"} -index 0
con
----------------End of Script----------------

16:37:37 INFO  : Launch script is exported to file 'C:\proj_sasaoka\Display3D\Display3D.sdk\.sdk\launch_scripts\xilinx_c-c++_application_(system_debugger)\system_debugger_on_local.tcl'
16:37:45 INFO  : Disconnected from the channel tcfchan#4.
16:49:07 INFO  : Connected to target on host '127.0.0.1' and port '3121'.
16:49:07 INFO  : Jtag cable 'Digilent Cmod A7 - 35T 210328A6D9E7A' is selected.
16:49:07 INFO  : 'jtag frequency' command is executed.
16:49:07 INFO  : 'targets -set -filter {jtag_cable_name =~ "Digilent Cmod A7 - 35T 210328A6D9E7A" && level==0} -index 0' command is executed.
16:49:09 INFO  : FPGA configured successfully with bitstream "C:/proj_sasaoka/Display3D/Display3D.sdk/FPGA_TOP_hw_platform_0/FPGA_TOP.bit"
16:49:09 INFO  : 'configparams mdm-detect-bscan-mask 2' command is executed.
16:49:09 INFO  : Context for processor 'mbcore' is selected.
16:49:09 INFO  : Processor reset is completed for 'mbcore'.
16:49:09 INFO  : Context for processor 'mbcore' is selected.
16:49:09 INFO  : The application 'C:/proj_sasaoka/Display3D/Display3D.sdk/DISP3D/Debug/DISP3D.elf' is downloaded to processor 'mbcore'.
16:49:09 INFO  : ----------------XSDB Script----------------
connect -url tcp:127.0.0.1:3121
targets -set -filter {jtag_cable_name =~ "Digilent Cmod A7 - 35T 210328A6D9E7A" && level==0} -index 0
fpga -file C:/proj_sasaoka/Display3D/Display3D.sdk/FPGA_TOP_hw_platform_0/FPGA_TOP.bit
configparams mdm-detect-bscan-mask 2
targets -set -nocase -filter {name =~ "microblaze*#0" && bscan=="USER2"  && jtag_cable_name =~ "Digilent Cmod A7 - 35T 210328A6D9E7A"} -index 0
rst -processor
targets -set -nocase -filter {name =~ "microblaze*#0" && bscan=="USER2"  && jtag_cable_name =~ "Digilent Cmod A7 - 35T 210328A6D9E7A"} -index 0
dow C:/proj_sasaoka/Display3D/Display3D.sdk/DISP3D/Debug/DISP3D.elf
----------------End of Script----------------

16:49:09 INFO  : Memory regions updated for context PA
16:49:09 INFO  : Memory regions updated for context MicroBlaze Debug Module at USER2
16:49:09 INFO  : Context for processor 'mbcore' is selected.
16:49:09 INFO  : 'con' command is executed.
16:49:09 INFO  : ----------------XSDB Script (After Launch)----------------
targets -set -nocase -filter {name =~ "microblaze*#0" && bscan=="USER2"  && jtag_cable_name =~ "Digilent Cmod A7 - 35T 210328A6D9E7A"} -index 0
con
----------------End of Script----------------

16:49:09 INFO  : Launch script is exported to file 'C:\proj_sasaoka\Display3D\Display3D.sdk\.sdk\launch_scripts\xilinx_c-c++_application_(system_debugger)\system_debugger_on_local.tcl'
16:49:21 INFO  : Disconnected from the channel tcfchan#5.
19:50:34 INFO  : Connected to target on host '127.0.0.1' and port '3121'.
19:50:35 INFO  : Jtag cable 'Digilent Cmod A7 - 35T 210328A6D9E7A' is selected.
19:50:35 INFO  : 'jtag frequency' command is executed.
19:50:35 INFO  : 'targets -set -filter {jtag_cable_name =~ "Digilent Cmod A7 - 35T 210328A6D9E7A" && level==0} -index 0' command is executed.
19:50:36 INFO  : FPGA configured successfully with bitstream "C:/proj_sasaoka/Display3D/Display3D.sdk/FPGA_TOP_hw_platform_0/FPGA_TOP.bit"
19:50:36 INFO  : 'configparams mdm-detect-bscan-mask 2' command is executed.
19:50:36 INFO  : Context for processor 'mbcore' is selected.
19:50:36 INFO  : Processor reset is completed for 'mbcore'.
19:50:36 INFO  : Context for processor 'mbcore' is selected.
19:50:36 INFO  : The application 'C:/proj_sasaoka/Display3D/Display3D.sdk/DISP3D/Debug/DISP3D.elf' is downloaded to processor 'mbcore'.
19:50:36 INFO  : ----------------XSDB Script----------------
connect -url tcp:127.0.0.1:3121
targets -set -filter {jtag_cable_name =~ "Digilent Cmod A7 - 35T 210328A6D9E7A" && level==0} -index 0
fpga -file C:/proj_sasaoka/Display3D/Display3D.sdk/FPGA_TOP_hw_platform_0/FPGA_TOP.bit
configparams mdm-detect-bscan-mask 2
targets -set -nocase -filter {name =~ "microblaze*#0" && bscan=="USER2"  && jtag_cable_name =~ "Digilent Cmod A7 - 35T 210328A6D9E7A"} -index 0
rst -processor
targets -set -nocase -filter {name =~ "microblaze*#0" && bscan=="USER2"  && jtag_cable_name =~ "Digilent Cmod A7 - 35T 210328A6D9E7A"} -index 0
dow C:/proj_sasaoka/Display3D/Display3D.sdk/DISP3D/Debug/DISP3D.elf
----------------End of Script----------------

19:50:36 INFO  : Memory regions updated for context PA
19:50:36 INFO  : Memory regions updated for context MicroBlaze Debug Module at USER2
19:50:36 INFO  : Launch script is exported to file 'C:\proj_sasaoka\Display3D\Display3D.sdk\.sdk\launch_scripts\xilinx_c-c++_application_(system_debugger)\system_debugger_on_local.tcl'
20:34:45 INFO  : Disconnected from the channel tcfchan#6.
20:34:46 INFO  : Connected to target on host '127.0.0.1' and port '3121'.
20:34:47 INFO  : Jtag cable 'Digilent Cmod A7 - 35T 210328A6D9E7A' is selected.
20:34:47 INFO  : 'jtag frequency' command is executed.
20:34:47 INFO  : 'targets -set -filter {jtag_cable_name =~ "Digilent Cmod A7 - 35T 210328A6D9E7A" && level==0} -index 0' command is executed.
20:34:48 INFO  : FPGA configured successfully with bitstream "C:/proj_sasaoka/Display3D/Display3D.sdk/FPGA_TOP_hw_platform_0/FPGA_TOP.bit"
20:34:48 INFO  : 'configparams mdm-detect-bscan-mask 2' command is executed.
20:34:48 INFO  : Context for processor 'mbcore' is selected.
20:34:48 INFO  : Processor reset is completed for 'mbcore'.
20:34:48 INFO  : Context for processor 'mbcore' is selected.
20:34:48 INFO  : The application 'C:/proj_sasaoka/Display3D/Display3D.sdk/DISP3D/Debug/DISP3D.elf' is downloaded to processor 'mbcore'.
20:34:48 INFO  : ----------------XSDB Script----------------
connect -url tcp:127.0.0.1:3121
targets -set -filter {jtag_cable_name =~ "Digilent Cmod A7 - 35T 210328A6D9E7A" && level==0} -index 0
fpga -file C:/proj_sasaoka/Display3D/Display3D.sdk/FPGA_TOP_hw_platform_0/FPGA_TOP.bit
configparams mdm-detect-bscan-mask 2
targets -set -nocase -filter {name =~ "microblaze*#0" && bscan=="USER2"  && jtag_cable_name =~ "Digilent Cmod A7 - 35T 210328A6D9E7A"} -index 0
rst -processor
targets -set -nocase -filter {name =~ "microblaze*#0" && bscan=="USER2"  && jtag_cable_name =~ "Digilent Cmod A7 - 35T 210328A6D9E7A"} -index 0
dow C:/proj_sasaoka/Display3D/Display3D.sdk/DISP3D/Debug/DISP3D.elf
----------------End of Script----------------

20:34:48 INFO  : Memory regions updated for context PA
20:34:48 INFO  : Memory regions updated for context MicroBlaze Debug Module at USER2
20:34:48 INFO  : Launch script is exported to file 'C:\proj_sasaoka\Display3D\Display3D.sdk\.sdk\launch_scripts\xilinx_c-c++_application_(system_debugger)\system_debugger_on_local.tcl'
20:39:16 INFO  : Disconnected from the channel tcfchan#7.
21:09:16 INFO  : Connected to target on host '127.0.0.1' and port '3121'.
21:09:16 INFO  : Jtag cable 'Digilent Cmod A7 - 35T 210328A6D9E7A' is selected.
21:09:16 INFO  : 'jtag frequency' command is executed.
21:09:16 INFO  : 'targets -set -filter {jtag_cable_name =~ "Digilent Cmod A7 - 35T 210328A6D9E7A" && level==0} -index 0' command is executed.
21:09:18 INFO  : FPGA configured successfully with bitstream "C:/proj_sasaoka/Display3D/Display3D.sdk/FPGA_TOP_hw_platform_0/FPGA_TOP.bit"
21:09:18 INFO  : 'configparams mdm-detect-bscan-mask 2' command is executed.
21:09:18 INFO  : Context for processor 'mbcore' is selected.
21:09:18 INFO  : Processor reset is completed for 'mbcore'.
21:09:18 INFO  : Context for processor 'mbcore' is selected.
21:09:18 INFO  : The application 'C:/proj_sasaoka/Display3D/Display3D.sdk/DISP3D/Debug/DISP3D.elf' is downloaded to processor 'mbcore'.
21:09:18 INFO  : ----------------XSDB Script----------------
connect -url tcp:127.0.0.1:3121
targets -set -filter {jtag_cable_name =~ "Digilent Cmod A7 - 35T 210328A6D9E7A" && level==0} -index 0
fpga -file C:/proj_sasaoka/Display3D/Display3D.sdk/FPGA_TOP_hw_platform_0/FPGA_TOP.bit
configparams mdm-detect-bscan-mask 2
targets -set -nocase -filter {name =~ "microblaze*#0" && bscan=="USER2"  && jtag_cable_name =~ "Digilent Cmod A7 - 35T 210328A6D9E7A"} -index 0
rst -processor
targets -set -nocase -filter {name =~ "microblaze*#0" && bscan=="USER2"  && jtag_cable_name =~ "Digilent Cmod A7 - 35T 210328A6D9E7A"} -index 0
dow C:/proj_sasaoka/Display3D/Display3D.sdk/DISP3D/Debug/DISP3D.elf
----------------End of Script----------------

21:09:18 INFO  : Memory regions updated for context PA
21:09:18 INFO  : Memory regions updated for context MicroBlaze Debug Module at USER2
21:09:18 INFO  : Launch script is exported to file 'C:\proj_sasaoka\Display3D\Display3D.sdk\.sdk\launch_scripts\xilinx_c-c++_application_(system_debugger)\system_debugger_on_local.tcl'
21:10:36 INFO  : Disconnected from the channel tcfchan#8.
21:10:43 INFO  : Connected to target on host '127.0.0.1' and port '3121'.
21:10:43 INFO  : Jtag cable 'Digilent Cmod A7 - 35T 210328A6D9E7A' is selected.
21:10:43 INFO  : 'jtag frequency' command is executed.
21:10:44 INFO  : 'targets -set -filter {jtag_cable_name =~ "Digilent Cmod A7 - 35T 210328A6D9E7A" && level==0} -index 0' command is executed.
21:10:45 INFO  : FPGA configured successfully with bitstream "C:/proj_sasaoka/Display3D/Display3D.sdk/FPGA_TOP_hw_platform_0/FPGA_TOP.bit"
21:10:45 INFO  : 'configparams mdm-detect-bscan-mask 2' command is executed.
21:10:45 INFO  : Context for processor 'mbcore' is selected.
21:10:45 INFO  : Processor reset is completed for 'mbcore'.
21:10:45 INFO  : Context for processor 'mbcore' is selected.
21:10:45 INFO  : The application 'C:/proj_sasaoka/Display3D/Display3D.sdk/DISP3D/Debug/DISP3D.elf' is downloaded to processor 'mbcore'.
21:10:45 INFO  : ----------------XSDB Script----------------
connect -url tcp:127.0.0.1:3121
targets -set -filter {jtag_cable_name =~ "Digilent Cmod A7 - 35T 210328A6D9E7A" && level==0} -index 0
fpga -file C:/proj_sasaoka/Display3D/Display3D.sdk/FPGA_TOP_hw_platform_0/FPGA_TOP.bit
configparams mdm-detect-bscan-mask 2
targets -set -nocase -filter {name =~ "microblaze*#0" && bscan=="USER2"  && jtag_cable_name =~ "Digilent Cmod A7 - 35T 210328A6D9E7A"} -index 0
rst -processor
targets -set -nocase -filter {name =~ "microblaze*#0" && bscan=="USER2"  && jtag_cable_name =~ "Digilent Cmod A7 - 35T 210328A6D9E7A"} -index 0
dow C:/proj_sasaoka/Display3D/Display3D.sdk/DISP3D/Debug/DISP3D.elf
----------------End of Script----------------

21:10:45 INFO  : Memory regions updated for context PA
21:10:45 INFO  : Memory regions updated for context MicroBlaze Debug Module at USER2
21:10:45 INFO  : Launch script is exported to file 'C:\proj_sasaoka\Display3D\Display3D.sdk\.sdk\launch_scripts\xilinx_c-c++_application_(system_debugger)\system_debugger_on_local.tcl'
21:18:40 INFO  : Disconnected from the channel tcfchan#9.
21:18:41 INFO  : Connected to target on host '127.0.0.1' and port '3121'.
21:18:42 INFO  : Jtag cable 'Digilent Cmod A7 - 35T 210328A6D9E7A' is selected.
21:18:42 INFO  : 'jtag frequency' command is executed.
21:18:42 INFO  : 'targets -set -filter {jtag_cable_name =~ "Digilent Cmod A7 - 35T 210328A6D9E7A" && level==0} -index 0' command is executed.
21:18:43 INFO  : FPGA configured successfully with bitstream "C:/proj_sasaoka/Display3D/Display3D.sdk/FPGA_TOP_hw_platform_0/FPGA_TOP.bit"
21:18:43 INFO  : 'configparams mdm-detect-bscan-mask 2' command is executed.
21:18:43 INFO  : Context for processor 'mbcore' is selected.
21:18:43 INFO  : Processor reset is completed for 'mbcore'.
21:18:43 INFO  : Context for processor 'mbcore' is selected.
21:18:44 INFO  : The application 'C:/proj_sasaoka/Display3D/Display3D.sdk/DISP3D/Debug/DISP3D.elf' is downloaded to processor 'mbcore'.
21:18:44 INFO  : ----------------XSDB Script----------------
connect -url tcp:127.0.0.1:3121
targets -set -filter {jtag_cable_name =~ "Digilent Cmod A7 - 35T 210328A6D9E7A" && level==0} -index 0
fpga -file C:/proj_sasaoka/Display3D/Display3D.sdk/FPGA_TOP_hw_platform_0/FPGA_TOP.bit
configparams mdm-detect-bscan-mask 2
targets -set -nocase -filter {name =~ "microblaze*#0" && bscan=="USER2"  && jtag_cable_name =~ "Digilent Cmod A7 - 35T 210328A6D9E7A"} -index 0
rst -processor
targets -set -nocase -filter {name =~ "microblaze*#0" && bscan=="USER2"  && jtag_cable_name =~ "Digilent Cmod A7 - 35T 210328A6D9E7A"} -index 0
dow C:/proj_sasaoka/Display3D/Display3D.sdk/DISP3D/Debug/DISP3D.elf
----------------End of Script----------------

21:18:44 INFO  : Memory regions updated for context PA
21:18:44 INFO  : Memory regions updated for context MicroBlaze Debug Module at USER2
21:18:44 INFO  : Launch script is exported to file 'C:\proj_sasaoka\Display3D\Display3D.sdk\.sdk\launch_scripts\xilinx_c-c++_application_(system_debugger)\system_debugger_on_local.tcl'
21:19:12 INFO  : Disconnected from the channel tcfchan#10.
21:19:40 INFO  : Connected to target on host '127.0.0.1' and port '3121'.
21:19:41 INFO  : Jtag cable 'Digilent Cmod A7 - 35T 210328A6D9E7A' is selected.
21:19:41 INFO  : 'jtag frequency' command is executed.
21:19:41 INFO  : 'targets -set -filter {jtag_cable_name =~ "Digilent Cmod A7 - 35T 210328A6D9E7A" && level==0} -index 0' command is executed.
21:19:42 INFO  : FPGA configured successfully with bitstream "C:/proj_sasaoka/Display3D/Display3D.sdk/FPGA_TOP_hw_platform_0/FPGA_TOP.bit"
21:19:42 INFO  : 'configparams mdm-detect-bscan-mask 2' command is executed.
21:19:42 INFO  : Context for processor 'mbcore' is selected.
21:19:43 INFO  : Processor reset is completed for 'mbcore'.
21:19:43 INFO  : Context for processor 'mbcore' is selected.
21:19:43 INFO  : The application 'C:/proj_sasaoka/Display3D/Display3D.sdk/DISP3D/Debug/DISP3D.elf' is downloaded to processor 'mbcore'.
21:19:43 INFO  : ----------------XSDB Script----------------
connect -url tcp:127.0.0.1:3121
targets -set -filter {jtag_cable_name =~ "Digilent Cmod A7 - 35T 210328A6D9E7A" && level==0} -index 0
fpga -file C:/proj_sasaoka/Display3D/Display3D.sdk/FPGA_TOP_hw_platform_0/FPGA_TOP.bit
configparams mdm-detect-bscan-mask 2
targets -set -nocase -filter {name =~ "microblaze*#0" && bscan=="USER2"  && jtag_cable_name =~ "Digilent Cmod A7 - 35T 210328A6D9E7A"} -index 0
rst -processor
targets -set -nocase -filter {name =~ "microblaze*#0" && bscan=="USER2"  && jtag_cable_name =~ "Digilent Cmod A7 - 35T 210328A6D9E7A"} -index 0
dow C:/proj_sasaoka/Display3D/Display3D.sdk/DISP3D/Debug/DISP3D.elf
----------------End of Script----------------

21:19:43 INFO  : Memory regions updated for context PA
21:19:43 INFO  : Memory regions updated for context MicroBlaze Debug Module at USER2
21:19:43 INFO  : Context for processor 'mbcore' is selected.
21:19:43 INFO  : 'con' command is executed.
21:19:43 INFO  : ----------------XSDB Script (After Launch)----------------
targets -set -nocase -filter {name =~ "microblaze*#0" && bscan=="USER2"  && jtag_cable_name =~ "Digilent Cmod A7 - 35T 210328A6D9E7A"} -index 0
con
----------------End of Script----------------

21:19:43 INFO  : Launch script is exported to file 'C:\proj_sasaoka\Display3D\Display3D.sdk\.sdk\launch_scripts\xilinx_c-c++_application_(system_debugger)\system_debugger_on_local.tcl'
21:21:22 INFO  : Disconnected from the channel tcfchan#11.
21:21:23 INFO  : Connected to target on host '127.0.0.1' and port '3121'.
21:21:24 INFO  : Jtag cable 'Digilent Cmod A7 - 35T 210328A6D9E7A' is selected.
21:21:24 INFO  : 'jtag frequency' command is executed.
21:21:24 INFO  : 'targets -set -filter {jtag_cable_name =~ "Digilent Cmod A7 - 35T 210328A6D9E7A" && level==0} -index 0' command is executed.
21:21:25 INFO  : FPGA configured successfully with bitstream "C:/proj_sasaoka/Display3D/Display3D.sdk/FPGA_TOP_hw_platform_0/FPGA_TOP.bit"
21:21:25 INFO  : 'configparams mdm-detect-bscan-mask 2' command is executed.
21:21:25 INFO  : Context for processor 'mbcore' is selected.
21:21:25 INFO  : Processor reset is completed for 'mbcore'.
21:21:25 INFO  : Context for processor 'mbcore' is selected.
21:21:25 INFO  : The application 'C:/proj_sasaoka/Display3D/Display3D.sdk/DISP3D/Debug/DISP3D.elf' is downloaded to processor 'mbcore'.
21:21:25 INFO  : ----------------XSDB Script----------------
connect -url tcp:127.0.0.1:3121
targets -set -filter {jtag_cable_name =~ "Digilent Cmod A7 - 35T 210328A6D9E7A" && level==0} -index 0
fpga -file C:/proj_sasaoka/Display3D/Display3D.sdk/FPGA_TOP_hw_platform_0/FPGA_TOP.bit
configparams mdm-detect-bscan-mask 2
targets -set -nocase -filter {name =~ "microblaze*#0" && bscan=="USER2"  && jtag_cable_name =~ "Digilent Cmod A7 - 35T 210328A6D9E7A"} -index 0
rst -processor
targets -set -nocase -filter {name =~ "microblaze*#0" && bscan=="USER2"  && jtag_cable_name =~ "Digilent Cmod A7 - 35T 210328A6D9E7A"} -index 0
dow C:/proj_sasaoka/Display3D/Display3D.sdk/DISP3D/Debug/DISP3D.elf
----------------End of Script----------------

21:21:25 INFO  : Memory regions updated for context PA
21:21:25 INFO  : Memory regions updated for context MicroBlaze Debug Module at USER2
21:21:26 INFO  : Context for processor 'mbcore' is selected.
21:21:26 INFO  : 'con' command is executed.
21:21:26 INFO  : ----------------XSDB Script (After Launch)----------------
targets -set -nocase -filter {name =~ "microblaze*#0" && bscan=="USER2"  && jtag_cable_name =~ "Digilent Cmod A7 - 35T 210328A6D9E7A"} -index 0
con
----------------End of Script----------------

21:21:26 INFO  : Launch script is exported to file 'C:\proj_sasaoka\Display3D\Display3D.sdk\.sdk\launch_scripts\xilinx_c-c++_application_(system_debugger)\system_debugger_on_local.tcl'
21:21:44 INFO  : Disconnected from the channel tcfchan#12.
21:22:07 INFO  : Connected to target on host '127.0.0.1' and port '3121'.
21:22:07 INFO  : Jtag cable 'Digilent Cmod A7 - 35T 210328A6D9E7A' is selected.
21:22:07 INFO  : 'jtag frequency' command is executed.
21:22:07 INFO  : 'targets -set -filter {jtag_cable_name =~ "Digilent Cmod A7 - 35T 210328A6D9E7A" && level==0} -index 0' command is executed.
21:22:09 INFO  : FPGA configured successfully with bitstream "C:/proj_sasaoka/Display3D/Display3D.sdk/FPGA_TOP_hw_platform_0/FPGA_TOP.bit"
21:22:09 INFO  : 'configparams mdm-detect-bscan-mask 2' command is executed.
21:22:09 INFO  : Context for processor 'mbcore' is selected.
21:22:09 INFO  : Processor reset is completed for 'mbcore'.
21:22:09 INFO  : Context for processor 'mbcore' is selected.
21:22:09 INFO  : The application 'C:/proj_sasaoka/Display3D/Display3D.sdk/DISP3D/Debug/DISP3D.elf' is downloaded to processor 'mbcore'.
21:22:09 INFO  : ----------------XSDB Script----------------
connect -url tcp:127.0.0.1:3121
targets -set -filter {jtag_cable_name =~ "Digilent Cmod A7 - 35T 210328A6D9E7A" && level==0} -index 0
fpga -file C:/proj_sasaoka/Display3D/Display3D.sdk/FPGA_TOP_hw_platform_0/FPGA_TOP.bit
configparams mdm-detect-bscan-mask 2
targets -set -nocase -filter {name =~ "microblaze*#0" && bscan=="USER2"  && jtag_cable_name =~ "Digilent Cmod A7 - 35T 210328A6D9E7A"} -index 0
rst -processor
targets -set -nocase -filter {name =~ "microblaze*#0" && bscan=="USER2"  && jtag_cable_name =~ "Digilent Cmod A7 - 35T 210328A6D9E7A"} -index 0
dow C:/proj_sasaoka/Display3D/Display3D.sdk/DISP3D/Debug/DISP3D.elf
----------------End of Script----------------

21:22:09 INFO  : Memory regions updated for context PA
21:22:09 INFO  : Memory regions updated for context MicroBlaze Debug Module at USER2
21:22:09 INFO  : Context for processor 'mbcore' is selected.
21:22:09 INFO  : 'con' command is executed.
21:22:09 INFO  : ----------------XSDB Script (After Launch)----------------
targets -set -nocase -filter {name =~ "microblaze*#0" && bscan=="USER2"  && jtag_cable_name =~ "Digilent Cmod A7 - 35T 210328A6D9E7A"} -index 0
con
----------------End of Script----------------

21:22:09 INFO  : Launch script is exported to file 'C:\proj_sasaoka\Display3D\Display3D.sdk\.sdk\launch_scripts\xilinx_c-c++_application_(system_debugger)\system_debugger_on_local.tcl'
21:22:17 INFO  : Disconnected from the channel tcfchan#13.
21:22:38 INFO  : Connected to target on host '127.0.0.1' and port '3121'.
21:22:38 INFO  : Jtag cable 'Digilent Cmod A7 - 35T 210328A6D9E7A' is selected.
21:22:39 INFO  : 'jtag frequency' command is executed.
21:22:39 INFO  : 'targets -set -filter {jtag_cable_name =~ "Digilent Cmod A7 - 35T 210328A6D9E7A" && level==0} -index 0' command is executed.
21:22:40 INFO  : FPGA configured successfully with bitstream "C:/proj_sasaoka/Display3D/Display3D.sdk/FPGA_TOP_hw_platform_0/FPGA_TOP.bit"
21:22:40 INFO  : 'configparams mdm-detect-bscan-mask 2' command is executed.
21:22:40 INFO  : Context for processor 'mbcore' is selected.
21:22:40 INFO  : Processor reset is completed for 'mbcore'.
21:22:40 INFO  : Context for processor 'mbcore' is selected.
21:22:40 INFO  : The application 'C:/proj_sasaoka/Display3D/Display3D.sdk/DISP3D/Debug/DISP3D.elf' is downloaded to processor 'mbcore'.
21:22:40 INFO  : ----------------XSDB Script----------------
connect -url tcp:127.0.0.1:3121
targets -set -filter {jtag_cable_name =~ "Digilent Cmod A7 - 35T 210328A6D9E7A" && level==0} -index 0
fpga -file C:/proj_sasaoka/Display3D/Display3D.sdk/FPGA_TOP_hw_platform_0/FPGA_TOP.bit
configparams mdm-detect-bscan-mask 2
targets -set -nocase -filter {name =~ "microblaze*#0" && bscan=="USER2"  && jtag_cable_name =~ "Digilent Cmod A7 - 35T 210328A6D9E7A"} -index 0
rst -processor
targets -set -nocase -filter {name =~ "microblaze*#0" && bscan=="USER2"  && jtag_cable_name =~ "Digilent Cmod A7 - 35T 210328A6D9E7A"} -index 0
dow C:/proj_sasaoka/Display3D/Display3D.sdk/DISP3D/Debug/DISP3D.elf
----------------End of Script----------------

21:22:40 INFO  : Memory regions updated for context PA
21:22:40 INFO  : Memory regions updated for context MicroBlaze Debug Module at USER2
21:22:40 INFO  : Context for processor 'mbcore' is selected.
21:22:40 INFO  : 'con' command is executed.
21:22:40 INFO  : ----------------XSDB Script (After Launch)----------------
targets -set -nocase -filter {name =~ "microblaze*#0" && bscan=="USER2"  && jtag_cable_name =~ "Digilent Cmod A7 - 35T 210328A6D9E7A"} -index 0
con
----------------End of Script----------------

21:22:40 INFO  : Launch script is exported to file 'C:\proj_sasaoka\Display3D\Display3D.sdk\.sdk\launch_scripts\xilinx_c-c++_application_(system_debugger)\system_debugger_on_local.tcl'
21:22:47 INFO  : Disconnected from the channel tcfchan#14.
21:25:06 INFO  : Connected to target on host '127.0.0.1' and port '3121'.
21:25:06 INFO  : Jtag cable 'Digilent Cmod A7 - 35T 210328A6D9E7A' is selected.
21:25:06 INFO  : 'jtag frequency' command is executed.
21:25:06 INFO  : 'targets -set -filter {jtag_cable_name =~ "Digilent Cmod A7 - 35T 210328A6D9E7A" && level==0} -index 0' command is executed.
21:25:08 INFO  : FPGA configured successfully with bitstream "C:/proj_sasaoka/Display3D/Display3D.sdk/FPGA_TOP_hw_platform_0/FPGA_TOP.bit"
21:25:08 INFO  : 'configparams mdm-detect-bscan-mask 2' command is executed.
21:25:08 INFO  : Context for processor 'mbcore' is selected.
21:25:08 INFO  : Processor reset is completed for 'mbcore'.
21:25:08 INFO  : Context for processor 'mbcore' is selected.
21:25:08 INFO  : The application 'C:/proj_sasaoka/Display3D/Display3D.sdk/DISP3D/Debug/DISP3D.elf' is downloaded to processor 'mbcore'.
21:25:08 INFO  : ----------------XSDB Script----------------
connect -url tcp:127.0.0.1:3121
targets -set -filter {jtag_cable_name =~ "Digilent Cmod A7 - 35T 210328A6D9E7A" && level==0} -index 0
fpga -file C:/proj_sasaoka/Display3D/Display3D.sdk/FPGA_TOP_hw_platform_0/FPGA_TOP.bit
configparams mdm-detect-bscan-mask 2
targets -set -nocase -filter {name =~ "microblaze*#0" && bscan=="USER2"  && jtag_cable_name =~ "Digilent Cmod A7 - 35T 210328A6D9E7A"} -index 0
rst -processor
targets -set -nocase -filter {name =~ "microblaze*#0" && bscan=="USER2"  && jtag_cable_name =~ "Digilent Cmod A7 - 35T 210328A6D9E7A"} -index 0
dow C:/proj_sasaoka/Display3D/Display3D.sdk/DISP3D/Debug/DISP3D.elf
----------------End of Script----------------

21:25:08 INFO  : Memory regions updated for context PA
21:25:08 INFO  : Memory regions updated for context MicroBlaze Debug Module at USER2
21:25:08 INFO  : Context for processor 'mbcore' is selected.
21:25:08 INFO  : 'con' command is executed.
21:25:08 INFO  : ----------------XSDB Script (After Launch)----------------
targets -set -nocase -filter {name =~ "microblaze*#0" && bscan=="USER2"  && jtag_cable_name =~ "Digilent Cmod A7 - 35T 210328A6D9E7A"} -index 0
con
----------------End of Script----------------

21:25:08 INFO  : Launch script is exported to file 'C:\proj_sasaoka\Display3D\Display3D.sdk\.sdk\launch_scripts\xilinx_c-c++_application_(system_debugger)\system_debugger_on_local.tcl'
21:25:56 INFO  : Disconnected from the channel tcfchan#15.
