INFO: [VRFC 10-2263] Analyzing Verilog file "C:/proj_sasaoka/Display3D/Display3D.ip_user_files/bd/MCU/ip/MCU_clk_wiz_1_0/MCU_clk_wiz_1_0_clk_wiz.v" into library xil_defaultlib
INFO: [VRFC 10-311] analyzing module MCU_clk_wiz_1_0_clk_wiz
INFO: [VRFC 10-2263] Analyzing Verilog file "C:/proj_sasaoka/Display3D/Display3D.ip_user_files/bd/MCU/ip/MCU_clk_wiz_1_0/MCU_clk_wiz_1_0.v" into library xil_defaultlib
INFO: [VRFC 10-311] analyzing module MCU_clk_wiz_1_0
INFO: [VRFC 10-2263] Analyzing Verilog file "C:/proj_sasaoka/Display3D/Display3D.ip_user_files/bd/MCU/ip/MCU_lmb_bram_0/sim/MCU_lmb_bram_0.v" into library xil_defaultlib
INFO: [VRFC 10-311] analyzing module MCU_lmb_bram_0
INFO: [VRFC 10-2263] Analyzing Verilog file "C:/proj_sasaoka/Display3D/Display3D.ip_user_files/bd/MCU/sim/MCU.v" into library xil_defaultlib
INFO: [VRFC 10-311] analyzing module MCU
INFO: [VRFC 10-311] analyzing module MCU_axi_interconnect_0_0
INFO: [VRFC 10-311] analyzing module localmem_imp_1K21ZZS
INFO: [VRFC 10-311] analyzing module m00_couplers_imp_14S6N82
INFO: [VRFC 10-311] analyzing module m01_couplers_imp_M1DAC7
INFO: [VRFC 10-311] analyzing module s00_couplers_imp_GMHCMG
INFO: [VRFC 10-2263] Analyzing Verilog file "C:/proj_sasaoka/Display3D/Display3D.ip_user_files/bd/MCU/ip/MCU_xbar_0/sim/MCU_xbar_0.v" into library xil_defaultlib
INFO: [VRFC 10-311] analyzing module MCU_xbar_0
INFO: [VRFC 10-2263] Analyzing Verilog file "C:/proj_sasaoka/Display3D/Display3D.ip_user_files/bd/MCU/ip/MCU_m01_data_fifo_0/sim/MCU_m01_data_fifo_0.v" into library xil_defaultlib
INFO: [VRFC 10-311] analyzing module MCU_m01_data_fifo_0
INFO: [VRFC 10-2263] Analyzing Verilog file "C:/proj_sasaoka/Display3D/Display3D.ip_user_files/bd/MCU/ip/MCU_m00_data_fifo_0/sim/MCU_m00_data_fifo_0.v" into library xil_defaultlib
INFO: [VRFC 10-311] analyzing module MCU_m00_data_fifo_0
INFO: [VRFC 10-2263] Analyzing Verilog file "C:/proj_sasaoka/Display3D/Display3D.srcs/sources_1/imports/hdl/MCU_wrapper.v" into library xil_defaultlib
INFO: [VRFC 10-311] analyzing module MCU_wrapper
INFO: [VRFC 10-2263] Analyzing SystemVerilog file "C:/proj_sasaoka/Display3D/Display3D.srcs/sources_1/FPGA_TOP.sv" into library xil_defaultlib
INFO: [VRFC 10-311] analyzing module FPGA_TOP
INFO: [VRFC 10-2263] Analyzing SystemVerilog file "C:/proj_sasaoka/Display3D/Display3D.srcs/sources_1/GEN40KHZ.sv" into library xil_defaultlib
INFO: [VRFC 10-311] analyzing module GEN40KHZ
INFO: [VRFC 10-2263] Analyzing SystemVerilog file "C:/proj_sasaoka/Display3D/Display3D.srcs/sim_1/sim_FPGA_TOP.sv" into library xil_defaultlib
INFO: [VRFC 10-311] analyzing module sim_FPGA_TOP
