Copyright 1986-2018 Xilinx, Inc. All Rights Reserved.
-------------------------------------------------------------------------------------
| Tool Version : Vivado v.2018.1 (win64) Build 2188600 Wed Apr  4 18:40:38 MDT 2018
| Date         : Wed Jan 19 14:24:02 2022
| Host         : DESKTOP-026M7H9 running 64-bit major release  (build 9200)
| Command      : report_control_sets -verbose -file FPGA_TOP_control_sets_placed.rpt
| Design       : FPGA_TOP
| Device       : xc7a35t
-------------------------------------------------------------------------------------

Control Set Information

Table of Contents
-----------------
1. Summary
2. Histogram
3. Flip-Flop Distribution
4. Detailed Control Set Information

1. Summary
----------

+----------------------------------------------------------+-------+
|                          Status                          | Count |
+----------------------------------------------------------+-------+
| Number of unique control sets                            |   267 |
| Unused register locations in slices containing registers |    39 |
+----------------------------------------------------------+-------+


2. Histogram
------------

+--------+--------------+
| Fanout | Control Sets |
+--------+--------------+
|      1 |            2 |
|      2 |            1 |
|      7 |            1 |
|      8 |          257 |
|      9 |            1 |
|     10 |            1 |
|     11 |            1 |
|    16+ |            3 |
+--------+--------------+


3. Flip-Flop Distribution
-------------------------

+--------------+-----------------------+------------------------+-----------------+--------------+
| Clock Enable | Synchronous Set/Reset | Asynchronous Set/Reset | Total Registers | Total Slices |
+--------------+-----------------------+------------------------+-----------------+--------------+
| No           | No                    | No                     |              14 |           10 |
| No           | No                    | Yes                    |               0 |            0 |
| No           | Yes                   | No                     |              33 |            9 |
| Yes          | No                    | No                     |            2066 |          735 |
| Yes          | No                    | Yes                    |               0 |            0 |
| Yes          | Yes                   | No                     |              48 |           14 |
+--------------+-----------------------+------------------------+-----------------+--------------+


4. Detailed Control Set Information
-----------------------------------

+-------------------------+------------------------+------------------+------------------+----------------+
|       Clock Signal      |      Enable Signal     | Set/Reset Signal | Slice Load Count | Bel Load Count |
+-------------------------+------------------------+------------------+------------------+----------------+
|  OSPI_CLK_OBUF          |                        |                  |                1 |              1 |
|  clkgen/inst/OCLK100MHZ |                        | rst_btn/rst      |                1 |              1 |
|  ICLK_IBUF_BUFG         |                        |                  |                1 |              2 |
|  clkgen/inst/OCLK100MHZ | return_byte[7]_i_1_n_0 | OSPI_XCS_OBUF    |                3 |              7 |
|  clkgen/inst/OCLK100MHZ | mem[121][7]_i_1_n_0    |                  |                4 |              8 |
|  clkgen/inst/OCLK100MHZ | mem[105][7]_i_1_n_0    |                  |                2 |              8 |
|  clkgen/inst/OCLK100MHZ | mem[110][7]_i_1_n_0    |                  |                3 |              8 |
|  clkgen/inst/OCLK100MHZ | mem[10][7]_i_1_n_0     |                  |                1 |              8 |
|  clkgen/inst/OCLK100MHZ | mem[119][7]_i_1_n_0    |                  |                3 |              8 |
|  clkgen/inst/OCLK100MHZ | mem[101][7]_i_1_n_0    |                  |                1 |              8 |
|  clkgen/inst/OCLK100MHZ | mem[115][7]_i_1_n_0    |                  |                2 |              8 |
|  clkgen/inst/OCLK100MHZ | mem[120][7]_i_1_n_0    |                  |                2 |              8 |
|  clkgen/inst/OCLK100MHZ | mem[122][7]_i_1_n_0    |                  |                3 |              8 |
|  clkgen/inst/OCLK100MHZ | mem[103][7]_i_1_n_0    |                  |                3 |              8 |
|  clkgen/inst/OCLK100MHZ | mem[112][7]_i_1_n_0    |                  |                1 |              8 |
|  clkgen/inst/OCLK100MHZ | mem[100][7]_i_1_n_0    |                  |                1 |              8 |
|  clkgen/inst/OCLK100MHZ | mem[104][7]_i_1_n_0    |                  |                4 |              8 |
|  clkgen/inst/OCLK100MHZ | mem[108][7]_i_1_n_0    |                  |                1 |              8 |
|  clkgen/inst/OCLK100MHZ | mem[111][7]_i_1_n_0    |                  |                5 |              8 |
|  clkgen/inst/OCLK100MHZ | mem[107][7]_i_1_n_0    |                  |                4 |              8 |
|  clkgen/inst/OCLK100MHZ | mem[113][7]_i_1_n_0    |                  |                4 |              8 |
|  clkgen/inst/OCLK100MHZ | mem[114][7]_i_1_n_0    |                  |                2 |              8 |
|  clkgen/inst/OCLK100MHZ | mem[116][7]_i_1_n_0    |                  |                1 |              8 |
|  clkgen/inst/OCLK100MHZ | mem[106][7]_i_1_n_0    |                  |                2 |              8 |
|  clkgen/inst/OCLK100MHZ | mem[118][7]_i_1_n_0    |                  |                4 |              8 |
|  clkgen/inst/OCLK100MHZ | mem[102][7]_i_1_n_0    |                  |                3 |              8 |
|  clkgen/inst/OCLK100MHZ | mem[109][7]_i_1_n_0    |                  |                4 |              8 |
|  clkgen/inst/OCLK100MHZ | mem[117][7]_i_1_n_0    |                  |                3 |              8 |
|  clkgen/inst/OCLK100MHZ | mem[11][7]_i_1_n_0     |                  |                3 |              8 |
|  clkgen/inst/OCLK100MHZ | mem[14][7]_i_1_n_0     |                  |                3 |              8 |
|  clkgen/inst/OCLK100MHZ | mem[131][7]_i_1_n_0    |                  |                2 |              8 |
|  clkgen/inst/OCLK100MHZ | mem[130][7]_i_1_n_0    |                  |                2 |              8 |
|  clkgen/inst/OCLK100MHZ | mem[139][7]_i_1_n_0    |                  |                2 |              8 |
|  clkgen/inst/OCLK100MHZ | mem[129][7]_i_1_n_0    |                  |                2 |              8 |
|  clkgen/inst/OCLK100MHZ | mem[12][7]_i_1_n_0     |                  |                1 |              8 |
|  clkgen/inst/OCLK100MHZ | mem[145][7]_i_1_n_0    |                  |                2 |              8 |
|  clkgen/inst/OCLK100MHZ | mem[146][7]_i_1_n_0    |                  |                2 |              8 |
|  clkgen/inst/OCLK100MHZ | mem[152][7]_i_1_n_0    |                  |                3 |              8 |
|  clkgen/inst/OCLK100MHZ | mem[123][7]_i_1_n_0    |                  |                2 |              8 |
|  clkgen/inst/OCLK100MHZ | mem[153][7]_i_1_n_0    |                  |                2 |              8 |
|  clkgen/inst/OCLK100MHZ | mem[133][7]_i_1_n_0    |                  |                3 |              8 |
|  clkgen/inst/OCLK100MHZ | mem[142][7]_i_1_n_0    |                  |                6 |              8 |
|  clkgen/inst/OCLK100MHZ | mem[128][7]_i_1_n_0    |                  |                2 |              8 |
|  clkgen/inst/OCLK100MHZ | mem[141][7]_i_1_n_0    |                  |                6 |              8 |
|  clkgen/inst/OCLK100MHZ | mem[137][7]_i_1_n_0    |                  |                6 |              8 |
|  clkgen/inst/OCLK100MHZ | mem[143][7]_i_1_n_0    |                  |                7 |              8 |
|  clkgen/inst/OCLK100MHZ | mem[144][7]_i_1_n_0    |                  |                6 |              8 |
|  clkgen/inst/OCLK100MHZ | mem[135][7]_i_1_n_0    |                  |                1 |              8 |
|  clkgen/inst/OCLK100MHZ | mem[127][7]_i_1_n_0    |                  |                6 |              8 |
|  clkgen/inst/OCLK100MHZ | mem[147][7]_i_1_n_0    |                  |                1 |              8 |
|  clkgen/inst/OCLK100MHZ | mem[126][7]_i_1_n_0    |                  |                5 |              8 |
|  clkgen/inst/OCLK100MHZ | mem[140][7]_i_1_n_0    |                  |                1 |              8 |
|  clkgen/inst/OCLK100MHZ | mem[138][7]_i_1_n_0    |                  |                1 |              8 |
|  clkgen/inst/OCLK100MHZ | mem[151][7]_i_1_n_0    |                  |                2 |              8 |
|  clkgen/inst/OCLK100MHZ | mem[150][7]_i_1_n_0    |                  |                1 |              8 |
|  clkgen/inst/OCLK100MHZ | mem[125][7]_i_1_n_0    |                  |                5 |              8 |
|  clkgen/inst/OCLK100MHZ | mem[148][7]_i_1_n_0    |                  |                1 |              8 |
|  clkgen/inst/OCLK100MHZ | mem[154][7]_i_1_n_0    |                  |                4 |              8 |
|  clkgen/inst/OCLK100MHZ | mem[124][7]_i_1_n_0    |                  |                2 |              8 |
|  clkgen/inst/OCLK100MHZ | mem[155][7]_i_1_n_0    |                  |                1 |              8 |
|  clkgen/inst/OCLK100MHZ | mem[132][7]_i_1_n_0    |                  |                2 |              8 |
|  clkgen/inst/OCLK100MHZ | mem[156][7]_i_1_n_0    |                  |                4 |              8 |
|  clkgen/inst/OCLK100MHZ | mem[157][7]_i_1_n_0    |                  |                3 |              8 |
|  clkgen/inst/OCLK100MHZ | mem[158][7]_i_1_n_0    |                  |                6 |              8 |
|  clkgen/inst/OCLK100MHZ | mem[159][7]_i_1_n_0    |                  |                7 |              8 |
|  clkgen/inst/OCLK100MHZ | mem[149][7]_i_1_n_0    |                  |                2 |              8 |
|  clkgen/inst/OCLK100MHZ | mem[13][7]_i_1_n_0     |                  |                3 |              8 |
|  clkgen/inst/OCLK100MHZ | mem[136][7]_i_1_n_0    |                  |                3 |              8 |
|  clkgen/inst/OCLK100MHZ | mem[198][7]_i_1_n_0    |                  |                1 |              8 |
|  clkgen/inst/OCLK100MHZ | mem[166][7]_i_1_n_0    |                  |                2 |              8 |
|  clkgen/inst/OCLK100MHZ | mem[187][7]_i_1_n_0    |                  |                2 |              8 |
|  clkgen/inst/OCLK100MHZ | mem[191][7]_i_1_n_0    |                  |                5 |              8 |
|  clkgen/inst/OCLK100MHZ | mem[179][7]_i_1_n_0    |                  |                2 |              8 |
|  clkgen/inst/OCLK100MHZ | mem[194][7]_i_1_n_0    |                  |                1 |              8 |
|  clkgen/inst/OCLK100MHZ | mem[199][7]_i_1_n_0    |                  |                1 |              8 |
|  clkgen/inst/OCLK100MHZ | mem[19][7]_i_1_n_0     |                  |                2 |              8 |
|  clkgen/inst/OCLK100MHZ | mem[1][7]_i_1_n_0      |                  |                2 |              8 |
|  clkgen/inst/OCLK100MHZ | mem[178][7]_i_1_n_0    |                  |                2 |              8 |
|  clkgen/inst/OCLK100MHZ | mem[167][7]_i_1_n_0    |                  |                2 |              8 |
|  clkgen/inst/OCLK100MHZ | mem[165][7]_i_1_n_0    |                  |                2 |              8 |
|  clkgen/inst/OCLK100MHZ | mem[160][7]_i_1_n_0    |                  |                1 |              8 |
|  clkgen/inst/OCLK100MHZ | mem[173][7]_i_1_n_0    |                  |                2 |              8 |
|  clkgen/inst/OCLK100MHZ | mem[182][7]_i_1_n_0    |                  |                3 |              8 |
|  clkgen/inst/OCLK100MHZ | mem[190][7]_i_1_n_0    |                  |                5 |              8 |
|  clkgen/inst/OCLK100MHZ | mem[171][7]_i_1_n_0    |                  |                3 |              8 |
|  clkgen/inst/OCLK100MHZ | mem[15][7]_i_1_n_0     |                  |                2 |              8 |
|  clkgen/inst/OCLK100MHZ | mem[162][7]_i_1_n_0    |                  |                1 |              8 |
|  clkgen/inst/OCLK100MHZ | mem[186][7]_i_1_n_0    |                  |                1 |              8 |
|  clkgen/inst/OCLK100MHZ | mem[192][7]_i_1_n_0    |                  |                2 |              8 |
|  clkgen/inst/OCLK100MHZ | mem[168][7]_i_1_n_0    |                  |                2 |              8 |
|  clkgen/inst/OCLK100MHZ | mem[193][7]_i_1_n_0    |                  |                3 |              8 |
|  clkgen/inst/OCLK100MHZ | mem[183][7]_i_1_n_0    |                  |                1 |              8 |
|  clkgen/inst/OCLK100MHZ | mem[189][7]_i_1_n_0    |                  |                7 |              8 |
|  clkgen/inst/OCLK100MHZ | mem[185][7]_i_1_n_0    |                  |                3 |              8 |
|  clkgen/inst/OCLK100MHZ | mem[200][7]_i_1_n_0    |                  |                2 |              8 |
|  clkgen/inst/OCLK100MHZ | mem[161][7]_i_1_n_0    |                  |                1 |              8 |
|  clkgen/inst/OCLK100MHZ | mem[170][7]_i_1_n_0    |                  |                5 |              8 |
|  clkgen/inst/OCLK100MHZ | mem[177][7]_i_1_n_0    |                  |                1 |              8 |
|  clkgen/inst/OCLK100MHZ | mem[188][7]_i_1_n_0    |                  |                2 |              8 |
|  clkgen/inst/OCLK100MHZ | mem[180][7]_i_1_n_0    |                  |                3 |              8 |
|  clkgen/inst/OCLK100MHZ | mem[18][7]_i_1_n_0     |                  |                3 |              8 |
|  clkgen/inst/OCLK100MHZ | mem[196][7]_i_1_n_0    |                  |                1 |              8 |
|  clkgen/inst/OCLK100MHZ | mem[175][7]_i_1_n_0    |                  |                5 |              8 |
|  clkgen/inst/OCLK100MHZ | mem[164][7]_i_1_n_0    |                  |                1 |              8 |
|  clkgen/inst/OCLK100MHZ | mem[169][7]_i_1_n_0    |                  |                2 |              8 |
|  clkgen/inst/OCLK100MHZ | mem[16][7]_i_1_n_0     |                  |                1 |              8 |
|  clkgen/inst/OCLK100MHZ | mem[172][7]_i_1_n_0    |                  |                3 |              8 |
|  clkgen/inst/OCLK100MHZ | mem[181][7]_i_1_n_0    |                  |                1 |              8 |
|  clkgen/inst/OCLK100MHZ | mem[163][7]_i_1_n_0    |                  |                3 |              8 |
|  clkgen/inst/OCLK100MHZ | mem[17][7]_i_1_n_0     |                  |                2 |              8 |
|  clkgen/inst/OCLK100MHZ | mem[184][7]_i_1_n_0    |                  |                4 |              8 |
|  clkgen/inst/OCLK100MHZ | mem[174][7]_i_1_n_0    |                  |                3 |              8 |
|  clkgen/inst/OCLK100MHZ | mem[195][7]_i_1_n_0    |                  |                1 |              8 |
|  clkgen/inst/OCLK100MHZ | mem[197][7]_i_1_n_0    |                  |                5 |              8 |
|  clkgen/inst/OCLK100MHZ | mem[176][7]_i_1_n_0    |                  |                1 |              8 |
|  clkgen/inst/OCLK100MHZ | mem[241][7]_i_1_n_0    |                  |                1 |              8 |
|  clkgen/inst/OCLK100MHZ | mem[231][7]_i_1_n_0    |                  |                2 |              8 |
|  clkgen/inst/OCLK100MHZ | mem[244][7]_i_1_n_0    |                  |                2 |              8 |
|  clkgen/inst/OCLK100MHZ | mem[228][7]_i_1_n_0    |                  |                2 |              8 |
|  clkgen/inst/OCLK100MHZ | mem[202][7]_i_1_n_0    |                  |                2 |              8 |
|  clkgen/inst/OCLK100MHZ | mem[245][7]_i_1_n_0    |                  |                2 |              8 |
|  clkgen/inst/OCLK100MHZ | mem[211][7]_i_1_n_0    |                  |                3 |              8 |
|  clkgen/inst/OCLK100MHZ | mem[208][7]_i_1_n_0    |                  |                2 |              8 |
|  clkgen/inst/OCLK100MHZ | mem[246][7]_i_1_n_0    |                  |                6 |              8 |
|  clkgen/inst/OCLK100MHZ | mem[215][7]_i_1_n_0    |                  |                5 |              8 |
|  clkgen/inst/OCLK100MHZ | mem[225][7]_i_1_n_0    |                  |                4 |              8 |
|  clkgen/inst/OCLK100MHZ | mem[207][7]_i_1_n_0    |                  |                8 |              8 |
|  clkgen/inst/OCLK100MHZ | mem[239][7]_i_1_n_0    |                  |                7 |              8 |
|  clkgen/inst/OCLK100MHZ | mem[240][7]_i_1_n_0    |                  |                1 |              8 |
|  clkgen/inst/OCLK100MHZ | mem[243][7]_i_1_n_0    |                  |                4 |              8 |
|  clkgen/inst/OCLK100MHZ | mem[206][7]_i_1_n_0    |                  |                6 |              8 |
|  clkgen/inst/OCLK100MHZ | mem[218][7]_i_1_n_0    |                  |                1 |              8 |
|  clkgen/inst/OCLK100MHZ | mem[213][7]_i_1_n_0    |                  |                2 |              8 |
|  clkgen/inst/OCLK100MHZ | mem[229][7]_i_1_n_0    |                  |                1 |              8 |
|  clkgen/inst/OCLK100MHZ | mem[22][7]_i_1_n_0     |                  |                2 |              8 |
|  clkgen/inst/OCLK100MHZ | mem[232][7]_i_1_n_0    |                  |                2 |              8 |
|  clkgen/inst/OCLK100MHZ | mem[214][7]_i_1_n_0    |                  |                2 |              8 |
|  clkgen/inst/OCLK100MHZ | mem[217][7]_i_1_n_0    |                  |                1 |              8 |
|  clkgen/inst/OCLK100MHZ | mem[247][7]_i_1_n_0    |                  |                3 |              8 |
|  clkgen/inst/OCLK100MHZ | mem[210][7]_i_1_n_0    |                  |                6 |              8 |
|  clkgen/inst/OCLK100MHZ | mem[204][7]_i_1_n_0    |                  |                5 |              8 |
|  clkgen/inst/OCLK100MHZ | mem[230][7]_i_1_n_0    |                  |                3 |              8 |
|  clkgen/inst/OCLK100MHZ | mem[248][7]_i_1_n_0    |                  |                3 |              8 |
|  clkgen/inst/OCLK100MHZ | mem[249][7]_i_1_n_0    |                  |                2 |              8 |
|  clkgen/inst/OCLK100MHZ | mem[24][7]_i_1_n_0     |                  |                2 |              8 |
|  clkgen/inst/OCLK100MHZ | mem[216][7]_i_1_n_0    |                  |                3 |              8 |
|  clkgen/inst/OCLK100MHZ | mem[221][7]_i_1_n_0    |                  |                1 |              8 |
|  clkgen/inst/OCLK100MHZ | mem[222][7]_i_1_n_0    |                  |                6 |              8 |
|  clkgen/inst/OCLK100MHZ | mem[203][7]_i_1_n_0    |                  |                2 |              8 |
|  clkgen/inst/OCLK100MHZ | mem[223][7]_i_1_n_0    |                  |                6 |              8 |
|  clkgen/inst/OCLK100MHZ | mem[205][7]_i_1_n_0    |                  |                6 |              8 |
|  clkgen/inst/OCLK100MHZ | mem[224][7]_i_1_n_0    |                  |                2 |              8 |
|  clkgen/inst/OCLK100MHZ | mem[236][7]_i_1_n_0    |                  |                2 |              8 |
|  clkgen/inst/OCLK100MHZ | mem[220][7]_i_1_n_0    |                  |                2 |              8 |
|  clkgen/inst/OCLK100MHZ | mem[234][7]_i_1_n_0    |                  |                3 |              8 |
|  clkgen/inst/OCLK100MHZ | mem[237][7]_i_1_n_0    |                  |                3 |              8 |
|  clkgen/inst/OCLK100MHZ | mem[238][7]_i_1_n_0    |                  |                3 |              8 |
|  clkgen/inst/OCLK100MHZ | mem[227][7]_i_1_n_0    |                  |                2 |              8 |
|  clkgen/inst/OCLK100MHZ | mem[219][7]_i_1_n_0    |                  |                1 |              8 |
|  clkgen/inst/OCLK100MHZ | mem[212][7]_i_1_n_0    |                  |                1 |              8 |
|  clkgen/inst/OCLK100MHZ | mem[21][7]_i_1_n_0     |                  |                2 |              8 |
|  clkgen/inst/OCLK100MHZ | mem[226][7]_i_1_n_0    |                  |                1 |              8 |
|  clkgen/inst/OCLK100MHZ | mem[235][7]_i_1_n_0    |                  |                2 |              8 |
|  clkgen/inst/OCLK100MHZ | mem[242][7]_i_1_n_0    |                  |                2 |              8 |
|  clkgen/inst/OCLK100MHZ | mem[201][7]_i_1_n_0    |                  |                1 |              8 |
|  clkgen/inst/OCLK100MHZ | mem[209][7]_i_1_n_0    |                  |                4 |              8 |
|  clkgen/inst/OCLK100MHZ | mem[20][7]_i_1_n_0     |                  |                2 |              8 |
|  clkgen/inst/OCLK100MHZ | mem[233][7]_i_1_n_0    |                  |                4 |              8 |
|  clkgen/inst/OCLK100MHZ | mem[23][7]_i_1_n_0     |                  |                2 |              8 |
|  clkgen/inst/OCLK100MHZ | mem[250][7]_i_1_n_0    |                  |                3 |              8 |
|  clkgen/inst/OCLK100MHZ | mem[37][7]_i_1_n_0     |                  |                2 |              8 |
|  clkgen/inst/OCLK100MHZ | mem[31][7]_i_1_n_0     |                  |                4 |              8 |
|  clkgen/inst/OCLK100MHZ | mem[51][7]_i_1_n_0     |                  |                1 |              8 |
|  clkgen/inst/OCLK100MHZ | mem[38][7]_i_1_n_0     |                  |                2 |              8 |
|  clkgen/inst/OCLK100MHZ | mem[3][7]_i_1_n_0      |                  |                1 |              8 |
|  clkgen/inst/OCLK100MHZ | mem[47][7]_i_1_n_0     |                  |                6 |              8 |
|  clkgen/inst/OCLK100MHZ | mem[35][7]_i_1_n_0     |                  |                2 |              8 |
|  clkgen/inst/OCLK100MHZ | mem[42][7]_i_1_n_0     |                  |                5 |              8 |
|  clkgen/inst/OCLK100MHZ | mem[29][7]_i_1_n_0     |                  |                5 |              8 |
|  clkgen/inst/OCLK100MHZ | mem[50][7]_i_1_n_0     |                  |                1 |              8 |
|  clkgen/inst/OCLK100MHZ | mem[32][7]_i_1_n_0     |                  |                4 |              8 |
|  clkgen/inst/OCLK100MHZ | mem[44][7]_i_1_n_0     |                  |                4 |              8 |
|  clkgen/inst/OCLK100MHZ | mem[48][7]_i_1_n_0     |                  |                2 |              8 |
|  clkgen/inst/OCLK100MHZ | mem[30][7]_i_1_n_0     |                  |                3 |              8 |
|  clkgen/inst/OCLK100MHZ | mem[45][7]_i_1_n_0     |                  |                6 |              8 |
|  clkgen/inst/OCLK100MHZ | mem[52][7]_i_1_n_0     |                  |                2 |              8 |
|  clkgen/inst/OCLK100MHZ | mem[54][7]_i_1_n_0     |                  |                4 |              8 |
|  clkgen/inst/OCLK100MHZ | mem[252][7]_i_1_n_0    |                  |                5 |              8 |
|  clkgen/inst/OCLK100MHZ | mem[2][7]_i_1_n_0      |                  |                3 |              8 |
|  clkgen/inst/OCLK100MHZ | mem[253][7]_i_1_n_0    |                  |                2 |              8 |
|  clkgen/inst/OCLK100MHZ | mem[4][7]_i_1_n_0      |                  |                2 |              8 |
|  clkgen/inst/OCLK100MHZ | mem[55][7]_i_1_n_0     |                  |                1 |              8 |
|  clkgen/inst/OCLK100MHZ | mem[27][7]_i_1_n_0     |                  |                4 |              8 |
|  clkgen/inst/OCLK100MHZ | mem[28][7]_i_1_n_0     |                  |                4 |              8 |
|  clkgen/inst/OCLK100MHZ | mem[56][7]_i_1_n_0     |                  |                2 |              8 |
|  clkgen/inst/OCLK100MHZ | mem[254][7]_i_1_n_0    |                  |                4 |              8 |
|  clkgen/inst/OCLK100MHZ | mem[53][7]_i_1_n_0     |                  |                3 |              8 |
|  clkgen/inst/OCLK100MHZ | mem[251][7]_i_1_n_0    |                  |                4 |              8 |
|  clkgen/inst/OCLK100MHZ | mem[26][7]_i_1_n_0     |                  |                2 |              8 |
|  clkgen/inst/OCLK100MHZ | mem[34][7]_i_1_n_0     |                  |                4 |              8 |
|  clkgen/inst/OCLK100MHZ | mem[36][7]_i_1_n_0     |                  |                3 |              8 |
|  clkgen/inst/OCLK100MHZ | mem[39][7]_i_1_n_0     |                  |                3 |              8 |
|  clkgen/inst/OCLK100MHZ | mem[40][7]_i_1_n_0     |                  |                2 |              8 |
|  clkgen/inst/OCLK100MHZ | mem[41][7]_i_1_n_0     |                  |                3 |              8 |
|  clkgen/inst/OCLK100MHZ | mem[49][7]_i_1_n_0     |                  |                3 |              8 |
|  clkgen/inst/OCLK100MHZ | mem[255][7]_i_1_n_0    |                  |                6 |              8 |
|  clkgen/inst/OCLK100MHZ | mem[33][7]_i_1_n_0     |                  |                2 |              8 |
|  clkgen/inst/OCLK100MHZ | mem[43][7]_i_1_n_0     |                  |                4 |              8 |
|  clkgen/inst/OCLK100MHZ | mem[25][7]_i_1_n_0     |                  |                1 |              8 |
|  clkgen/inst/OCLK100MHZ | mem[46][7]_i_1_n_0     |                  |                2 |              8 |
|  clkgen/inst/OCLK100MHZ | mem[87][7]_i_1_n_0     |                  |                6 |              8 |
|  clkgen/inst/OCLK100MHZ | mem[77][7]_i_1_n_0     |                  |                4 |              8 |
|  clkgen/inst/OCLK100MHZ | mem[83][7]_i_1_n_0     |                  |                1 |              8 |
|  clkgen/inst/OCLK100MHZ | mem[8][7]_i_1_n_0      |                  |                6 |              8 |
|  clkgen/inst/OCLK100MHZ | mem[75][7]_i_1_n_0     |                  |                4 |              8 |
|  clkgen/inst/OCLK100MHZ | mem[72][7]_i_1_n_0     |                  |                2 |              8 |
|  clkgen/inst/OCLK100MHZ | mem[63][7]_i_1_n_0     |                  |                6 |              8 |
|  clkgen/inst/OCLK100MHZ | mem[79][7]_i_1_n_0     |                  |                7 |              8 |
|  clkgen/inst/OCLK100MHZ | mem[65][7]_i_1_n_0     |                  |                1 |              8 |
|  clkgen/inst/OCLK100MHZ | mem[69][7]_i_1_n_0     |                  |                1 |              8 |
|  clkgen/inst/OCLK100MHZ | mem[6][7]_i_1_n_0      |                  |                5 |              8 |
|  clkgen/inst/OCLK100MHZ | mem[73][7]_i_1_n_0     |                  |                2 |              8 |
|  clkgen/inst/OCLK100MHZ | mem[76][7]_i_1_n_0     |                  |                2 |              8 |
|  clkgen/inst/OCLK100MHZ | mem[80][7]_i_1_n_0     |                  |                2 |              8 |
|  clkgen/inst/OCLK100MHZ | mem[86][7]_i_1_n_0     |                  |                2 |              8 |
|  clkgen/inst/OCLK100MHZ | mem[62][7]_i_1_n_0     |                  |                3 |              8 |
|  clkgen/inst/OCLK100MHZ | mem[68][7]_i_1_n_0     |                  |                2 |              8 |
|  clkgen/inst/OCLK100MHZ | mem[59][7]_i_1_n_0     |                  |                4 |              8 |
|  clkgen/inst/OCLK100MHZ | mem[66][7]_i_1_n_0     |                  |                3 |              8 |
|  clkgen/inst/OCLK100MHZ | mem[70][7]_i_1_n_0     |                  |                2 |              8 |
|  clkgen/inst/OCLK100MHZ | mem[57][7]_i_1_n_0     |                  |                2 |              8 |
|  clkgen/inst/OCLK100MHZ | mem[7][7]_i_1_n_0      |                  |                2 |              8 |
|  clkgen/inst/OCLK100MHZ | mem[82][7]_i_1_n_0     |                  |                1 |              8 |
|  clkgen/inst/OCLK100MHZ | mem[67][7]_i_1_n_0     |                  |                4 |              8 |
|  clkgen/inst/OCLK100MHZ | mem[85][7]_i_1_n_0     |                  |                4 |              8 |
|  clkgen/inst/OCLK100MHZ | mem[88][7]_i_1_n_0     |                  |                2 |              8 |
|  clkgen/inst/OCLK100MHZ | mem[78][7]_i_1_n_0     |                  |                1 |              8 |
|  clkgen/inst/OCLK100MHZ | mem[89][7]_i_1_n_0     |                  |                2 |              8 |
|  clkgen/inst/OCLK100MHZ | mem[58][7]_i_1_n_0     |                  |                1 |              8 |
|  clkgen/inst/OCLK100MHZ | mem[5][7]_i_1_n_0      |                  |                3 |              8 |
|  clkgen/inst/OCLK100MHZ | mem[64][7]_i_1_n_0     |                  |                1 |              8 |
|  clkgen/inst/OCLK100MHZ | mem[71][7]_i_1_n_0     |                  |                1 |              8 |
|  clkgen/inst/OCLK100MHZ | mem[60][7]_i_1_n_0     |                  |                4 |              8 |
|  clkgen/inst/OCLK100MHZ | mem[61][7]_i_1_n_0     |                  |                3 |              8 |
|  clkgen/inst/OCLK100MHZ | mem[74][7]_i_1_n_0     |                  |                4 |              8 |
|  clkgen/inst/OCLK100MHZ | mem[81][7]_i_1_n_0     |                  |                2 |              8 |
|  clkgen/inst/OCLK100MHZ | mem[84][7]_i_1_n_0     |                  |                3 |              8 |
|  clkgen/inst/OCLK100MHZ | mem[95][7]_i_1_n_0     |                  |                5 |              8 |
|  clkgen/inst/OCLK100MHZ | mem[96][7]_i_1_n_0     |                  |                3 |              8 |
|  clkgen/inst/OCLK100MHZ | mem[98][7]_i_1_n_0     |                  |                7 |              8 |
|  clkgen/inst/OCLK100MHZ | mem[9][7]_i_1_n_0      |                  |                4 |              8 |
|  clkgen/inst/OCLK100MHZ | mem[93][7]_i_1_n_0     |                  |                2 |              8 |
|  clkgen/inst/OCLK100MHZ | mem[92][7]_i_1_n_0     |                  |                3 |              8 |
|  clkgen/inst/OCLK100MHZ | mem[99][7]_i_1_n_0     |                  |                5 |              8 |
|  clkgen/inst/OCLK100MHZ | mem[94][7]_i_1_n_0     |                  |                5 |              8 |
|  clkgen/inst/OCLK100MHZ | mem[97][7]_i_1_n_0     |                  |                4 |              8 |
|  clkgen/inst/OCLK100MHZ | mem[90][7]_i_1_n_0     |                  |                3 |              8 |
|  clkgen/inst/OCLK100MHZ | mem[91][7]_i_1_n_0     |                  |                3 |              8 |
|  clkgen/inst/OCLK100MHZ | tx_byte_cnt[7]_i_1_n_0 | OSPI_XCS_OBUF    |                4 |              8 |
|  clkgen/inst/OCLK100MHZ | s_spi_clk_rise         | OSPI_XCS_OBUF    |                2 |              8 |
|  clkgen/inst/OCLK100MHZ | mem[134][7]_i_1_n_0    |                  |                2 |              8 |
|  clkgen/inst/OCLK100MHZ | tgt_addr[7]_i_2_n_0    | act_mode         |                2 |              9 |
|  clkgen/inst/OCLK100MHZ | mosi_buffer0           |                  |                3 |             10 |
|  clkgen/inst/OCLK100MHZ |                        |                  |                8 |             11 |
|  clkgen/inst/OCLK100MHZ | mem[0][7]_i_1_n_0      |                  |                4 |             16 |
|  clkgen/inst/OCLK100MHZ | tgt_id[3]_i_1_n_0      | act_mode         |                3 |             16 |
|  ICLK_IBUF_BUFG         |                        | rst_btn/clear    |                8 |             32 |
+-------------------------+------------------------+------------------+------------------+----------------+


